2021-12-30 00:21:27 [[32minfo[39m]: App is running on port 7000 
2021-12-30 00:21:28 [[32minfo[39m]: Connected to MongoDB 
2021-12-30 00:21:38 [[32minfo[39m]: App is running on port 7000 
2021-12-30 00:21:39 [[32minfo[39m]: Connected to MongoDB 
2021-12-30 00:22:05 [[32minfo[39m]: App is running on port 7000 
2021-12-30 00:22:06 [[32minfo[39m]: Connected to MongoDB 
2021-12-30 00:22:59 [[32minfo[39m]: App is running on port 7000 
2021-12-30 00:23:00 [[32minfo[39m]: Connected to MongoDB 
2021-12-30 00:25:02 [[32minfo[39m]: App is running on port 7000 
2021-12-30 00:25:03 [[32minfo[39m]: Connected to MongoDB 
2021-12-30 00:25:12 [[32minfo[39m]: App is running on port 7000 
2021-12-30 00:25:12 [[32minfo[39m]: Connected to MongoDB 
2021-12-30 00:25:56 [[32minfo[39m]: App is running on port 7000 
2021-12-30 00:25:57 [[32minfo[39m]: Connected to MongoDB 
2021-12-30 00:26:20 [[32minfo[39m]: App is running on port 7000 
2021-12-30 00:26:21 [[32minfo[39m]: Connected to MongoDB 
2021-12-30 00:27:08 [[32minfo[39m]: App is running on port 7000 
2021-12-30 00:27:09 [[32minfo[39m]: Connected to MongoDB 
2021-12-30 00:27:30 [[32minfo[39m]: App is running on port 7000 
2021-12-30 00:27:34 [[32minfo[39m]: App is running on port 7000 
2021-12-30 00:27:35 [[32minfo[39m]: Connected to MongoDB 
2021-12-30 00:28:00 [[32minfo[39m]: App is running on port 7000 
2021-12-30 00:28:05 [[32minfo[39m]: App is running on port 7000 
2021-12-30 00:28:06 [[32minfo[39m]: Connected to MongoDB 
2021-12-30 00:29:05 [[32minfo[39m]: App is running on port 7000 
2021-12-30 00:29:06 [[32minfo[39m]: Connected to MongoDB 
2021-12-30 00:29:14 [[32minfo[39m]: App is running on port 7000 
2021-12-30 00:29:19 [[32minfo[39m]: App is running on port 7000 
2021-12-30 00:29:20 [[32minfo[39m]: Connected to MongoDB 
2021-12-30 00:29:41 [[32minfo[39m]: App is running on port 7000 
2021-12-30 00:29:42 [[32minfo[39m]: Connected to MongoDB 
2021-12-30 00:30:03 [[32minfo[39m]: App is running on port 7000 
2021-12-30 00:30:03 [[32minfo[39m]: Connected to MongoDB 
2021-12-30 00:30:11 [[32minfo[39m]: App is running on port 7000 
2021-12-30 00:30:12 [[32minfo[39m]: Connected to MongoDB 
2021-12-30 00:30:20 [[32minfo[39m]: App is running on port 7000 
2021-12-30 00:30:21 [[32minfo[39m]: Connected to MongoDB 
2021-12-30 00:30:37 [[32minfo[39m]: App is running on port 7000 
2021-12-30 00:30:38 [[32minfo[39m]: Connected to MongoDB 
2021-12-30 00:30:47 [[32minfo[39m]: App is running on port 7000 
2021-12-30 00:30:47 [[32minfo[39m]: Connected to MongoDB 
2021-12-30 00:31:03 [[32minfo[39m]: App is running on port 7000 
2021-12-30 00:31:04 [[32minfo[39m]: Connected to MongoDB 
2021-12-30 00:33:54 [[32minfo[39m]: App is running on port 7000 
2021-12-30 00:33:55 [[32minfo[39m]: Connected to MongoDB 
2021-12-30 00:33:59 [[32minfo[39m]: App is running on port 7000 
2021-12-30 00:34:00 [[32minfo[39m]: Connected to MongoDB 
2021-12-30 00:34:12 [[32minfo[39m]: App is running on port 7000 
2021-12-30 00:34:13 [[32minfo[39m]: Connected to MongoDB 
2021-12-30 00:34:46 [[32minfo[39m]: App is running on port 7000 
2021-12-30 00:34:47 [[32minfo[39m]: Connected to MongoDB 
2021-12-30 00:47:12 [[32minfo[39m]: App is running on port 7000 
2021-12-30 00:47:13 [[32minfo[39m]: Connected to MongoDB 
2021-12-30 00:53:24 [[32minfo[39m]: App is running on port 7000 
2021-12-30 00:53:25 [[32minfo[39m]: Connected to MongoDB 
2021-12-30 00:53:32 [[32minfo[39m]: App is running on port 7000 
2021-12-30 00:53:33 [[32minfo[39m]: Connected to MongoDB 
2021-12-30 00:54:08 [[32minfo[39m]: App is running on port 7000 
2021-12-30 00:54:09 [[32minfo[39m]: Connected to MongoDB 
2021-12-30 00:54:26 [[32minfo[39m]: App is running on port 7000 
2021-12-30 00:54:27 [[32minfo[39m]: Connected to MongoDB 
2021-12-30 00:54:45 [[32minfo[39m]: App is running on port 7000 
2021-12-30 00:54:46 [[32minfo[39m]: Connected to MongoDB 
2021-12-30 00:55:06 [[32minfo[39m]: App is running on port 7000 
2021-12-30 00:55:07 [[32minfo[39m]: Connected to MongoDB 
2021-12-30 00:59:04 [[32minfo[39m]: App is running on port 7000 
2021-12-30 00:59:05 [[32minfo[39m]: Connected to MongoDB 
2021-12-30 01:01:29 [[32minfo[39m]: App is running on port 7000 
2021-12-30 01:01:30 [[32minfo[39m]: Connected to MongoDB 
2021-12-30 01:02:00 [[32minfo[39m]: Global Market data updated 
2021-12-30 01:03:00 [[32minfo[39m]: Global Market data updated 
2021-12-30 01:04:00 [[32minfo[39m]: Global Market data updated 
2021-12-30 01:05:01 [[32minfo[39m]: Global Market data updated 
2021-12-30 01:06:00 [[32minfo[39m]: Global Market data updated 
2021-12-30 01:07:06 [[32minfo[39m]: Global Market data updated 
2021-12-30 01:08:00 [[32minfo[39m]: Global Market data updated 
2021-12-30 01:09:00 [[32minfo[39m]: Global Market data updated 
2021-12-30 01:10:00 [[32minfo[39m]: Global Market data updated 
2021-12-30 01:11:01 [[32minfo[39m]: Global Market data updated 
2021-12-30 01:11:06 [[32minfo[39m]: App is running on port 7000 
2021-12-30 01:11:08 [[32minfo[39m]: Connected to MongoDB 
2021-12-30 01:12:01 [[32minfo[39m]: Global Market data updated 
2021-12-30 01:13:00 [[32minfo[39m]: Global Market data updated 
2021-12-30 01:14:00 [[32minfo[39m]: Global Market data updated 
2021-12-30 01:15:00 [[32minfo[39m]: Global Market data updated 
2021-12-30 01:15:49 [[31merror[39m]: uncaughtException: тип Unable to compile TypeScript:
[96mcronjobs/genGlobalCryptoData.ts[0m:[93m15[0m:[93m29[0m - [91merror[0m[90m TS2339: [0mProperty 'length' does not exist on type 'Query<any[], any, {}, any>'.

[7m15[0m         if (globalMarketArr.length === 0) {
[7m  [0m [91m                            ~~~~~~[0m

  [96mcronjobs/genGlobalCryptoData.ts[0m:[93m15[0m:[93m29[0m
    [7m15[0m         if (globalMarketArr.length === 0) {
    [7m  [0m [96m                            ~~~~~~[0m
    Did you forget to use 'await'?

TSError: тип Unable to compile TypeScript:
[96mcronjobs/genGlobalCryptoData.ts[0m:[93m15[0m:[93m29[0m - [91merror[0m[90m TS2339: [0mProperty 'length' does not exist on type 'Query<any[], any, {}, any>'.

[7m15[0m         if (globalMarketArr.length === 0) {
[7m  [0m [91m                            ~~~~~~[0m

  [96mcronjobs/genGlobalCryptoData.ts[0m:[93m15[0m:[93m29[0m
    [7m15[0m         if (globalMarketArr.length === 0) {
    [7m  [0m [96m                            ~~~~~~[0m
    Did you forget to use 'await'?

    at createTSError (/home/herilsaha/nixodeWebsite/server/node_modules/ts-node/src/index.ts:744:12)
    at reportTSError (/home/herilsaha/nixodeWebsite/server/node_modules/ts-node/src/index.ts:748:19)
    at getOutput (/home/herilsaha/nixodeWebsite/server/node_modules/ts-node/src/index.ts:935:36)
    at Object.compile (/home/herilsaha/nixodeWebsite/server/node_modules/ts-node/src/index.ts:1237:30)
    at Module.m._compile (/home/herilsaha/nixodeWebsite/server/node_modules/ts-node/src/index.ts:1364:30)
    at Module._extensions..js (node:internal/modules/cjs/loader:1149:10)
    at Object.require.extensions.<computed> [as .ts] (/home/herilsaha/nixodeWebsite/server/node_modules/ts-node/src/index.ts:1368:12)
    at Module.load (node:internal/modules/cjs/loader:975:32)
    at Function.Module._load (node:internal/modules/cjs/loader:822:12)
    at Module.require (node:internal/modules/cjs/loader:999:19) {
  "error": {
    "diagnosticText": "\u001b[96mcronjobs/genGlobalCryptoData.ts\u001b[0m:\u001b[93m15\u001b[0m:\u001b[93m29\u001b[0m - \u001b[91merror\u001b[0m\u001b[90m TS2339: \u001b[0mProperty 'length' does not exist on type 'Query<any[], any, {}, any>'.\n\n\u001b[7m15\u001b[0m         if (globalMarketArr.length === 0) {\n\u001b[7m  \u001b[0m \u001b[91m                            ~~~~~~\u001b[0m\n\n  \u001b[96mcronjobs/genGlobalCryptoData.ts\u001b[0m:\u001b[93m15\u001b[0m:\u001b[93m29\u001b[0m\n    \u001b[7m15\u001b[0m         if (globalMarketArr.length === 0) {\n    \u001b[7m  \u001b[0m \u001b[96m                            ~~~~~~\u001b[0m\n    Did you forget to use 'await'?\n",
    "diagnosticCodes": [
      2339
    ]
  },
  "stack": "TSError: тип Unable to compile TypeScript:\n\u001b[96mcronjobs/genGlobalCryptoData.ts\u001b[0m:\u001b[93m15\u001b[0m:\u001b[93m29\u001b[0m - \u001b[91merror\u001b[0m\u001b[90m TS2339: \u001b[0mProperty 'length' does not exist on type 'Query<any[], any, {}, any>'.\n\n\u001b[7m15\u001b[0m         if (globalMarketArr.length === 0) {\n\u001b[7m  \u001b[0m \u001b[91m                            ~~~~~~\u001b[0m\n\n  \u001b[96mcronjobs/genGlobalCryptoData.ts\u001b[0m:\u001b[93m15\u001b[0m:\u001b[93m29\u001b[0m\n    \u001b[7m15\u001b[0m         if (globalMarketArr.length === 0) {\n    \u001b[7m  \u001b[0m \u001b[96m                            ~~~~~~\u001b[0m\n    Did you forget to use 'await'?\n\n    at createTSError (/home/herilsaha/nixodeWebsite/server/node_modules/ts-node/src/index.ts:744:12)\n    at reportTSError (/home/herilsaha/nixodeWebsite/server/node_modules/ts-node/src/index.ts:748:19)\n    at getOutput (/home/herilsaha/nixodeWebsite/server/node_modules/ts-node/src/index.ts:935:36)\n    at Object.compile (/home/herilsaha/nixodeWebsite/server/node_modules/ts-node/src/index.ts:1237:30)\n    at Module.m._compile (/home/herilsaha/nixodeWebsite/server/node_modules/ts-node/src/index.ts:1364:30)\n    at Module._extensions..js (node:internal/modules/cjs/loader:1149:10)\n    at Object.require.extensions.<computed> [as .ts] (/home/herilsaha/nixodeWebsite/server/node_modules/ts-node/src/index.ts:1368:12)\n    at Module.load (node:internal/modules/cjs/loader:975:32)\n    at Function.Module._load (node:internal/modules/cjs/loader:822:12)\n    at Module.require (node:internal/modules/cjs/loader:999:19)",
  "exception": true,
  "date": "Wed Dec 29 2021 18:15:49 GMT-0700 (Mountain Standard Time)",
  "process": {
    "pid": 57963,
    "uid": 1000,
    "gid": 1000,
    "cwd": "/home/herilsaha/nixodeWebsite/server",
    "execPath": "/usr/bin/node",
    "version": "v17.2.0",
    "argv": [
      "/home/herilsaha/nixodeWebsite/server/node_modules/.bin/ts-node",
      "/home/herilsaha/nixodeWebsite/server/index.ts"
    ],
    "memoryUsage": {
      "rss": 370540544,
      "heapTotal": 280928256,
      "heapUsed": 248679224,
      "external": 21853593,
      "arrayBuffers": 18485946
    }
  },
  "os": {
    "loadavg": [
      1.66,
      1.43,
      1.1
    ],
    "uptime": 137607.37
  },
  "trace": [
    {
      "column": 12,
      "file": "/home/herilsaha/nixodeWebsite/server/node_modules/ts-node/src/index.ts",
      "function": "createTSError",
      "line": 744,
      "method": null,
      "native": false
    },
    {
      "column": 19,
      "file": "/home/herilsaha/nixodeWebsite/server/node_modules/ts-node/src/index.ts",
      "function": "reportTSError",
      "line": 748,
      "method": null,
      "native": false
    },
    {
      "column": 36,
      "file": "/home/herilsaha/nixodeWebsite/server/node_modules/ts-node/src/index.ts",
      "function": "getOutput",
      "line": 935,
      "method": null,
      "native": false
    },
    {
      "column": 30,
      "file": "/home/herilsaha/nixodeWebsite/server/node_modules/ts-node/src/index.ts",
      "function": "Object.compile",
      "line": 1237,
      "method": "compile",
      "native": false
    },
    {
      "column": 30,
      "file": "/home/herilsaha/nixodeWebsite/server/node_modules/ts-node/src/index.ts",
      "function": "Module.m._compile",
      "line": 1364,
      "method": "_compile",
      "native": false
    },
    {
      "column": 10,
      "file": "node:internal/modules/cjs/loader",
      "function": "Module._extensions..js",
      "line": 1149,
      "method": ".js",
      "native": false
    },
    {
      "column": 12,
      "file": "/home/herilsaha/nixodeWebsite/server/node_modules/ts-node/src/index.ts",
      "function": "Object.require.extensions.<computed> [as .ts]",
      "line": 1368,
      "method": "ts]",
      "native": false
    },
    {
      "column": 32,
      "file": "node:internal/modules/cjs/loader",
      "function": "Module.load",
      "line": 975,
      "method": "load",
      "native": false
    },
    {
      "column": 12,
      "file": "node:internal/modules/cjs/loader",
      "function": "Module._load",
      "line": 822,
      "method": "_load",
      "native": false
    },
    {
      "column": 19,
      "file": "node:internal/modules/cjs/loader",
      "function": "Module.require",
      "line": 999,
      "method": "require",
      "native": false
    }
  ]
}
2021-12-30 01:15:59 [[31merror[39m]: uncaughtException: тип Unable to compile TypeScript:
[96mcronjobs/genGlobalCryptoData.ts[0m:[93m15[0m:[93m29[0m - [91merror[0m[90m TS2339: [0mProperty 'length' does not exist on type 'Query<any[], any, {}, any>'.

[7m15[0m         if (globalMarketArr.length === 0) {
[7m  [0m [91m                            ~~~~~~[0m

  [96mcronjobs/genGlobalCryptoData.ts[0m:[93m15[0m:[93m29[0m
    [7m15[0m         if (globalMarketArr.length === 0) {
    [7m  [0m [96m                            ~~~~~~[0m
    Did you forget to use 'await'?

TSError: тип Unable to compile TypeScript:
[96mcronjobs/genGlobalCryptoData.ts[0m:[93m15[0m:[93m29[0m - [91merror[0m[90m TS2339: [0mProperty 'length' does not exist on type 'Query<any[], any, {}, any>'.

[7m15[0m         if (globalMarketArr.length === 0) {
[7m  [0m [91m                            ~~~~~~[0m

  [96mcronjobs/genGlobalCryptoData.ts[0m:[93m15[0m:[93m29[0m
    [7m15[0m         if (globalMarketArr.length === 0) {
    [7m  [0m [96m                            ~~~~~~[0m
    Did you forget to use 'await'?

    at createTSError (/home/herilsaha/nixodeWebsite/server/node_modules/ts-node/src/index.ts:744:12)
    at reportTSError (/home/herilsaha/nixodeWebsite/server/node_modules/ts-node/src/index.ts:748:19)
    at getOutput (/home/herilsaha/nixodeWebsite/server/node_modules/ts-node/src/index.ts:935:36)
    at Object.compile (/home/herilsaha/nixodeWebsite/server/node_modules/ts-node/src/index.ts:1237:30)
    at Module.m._compile (/home/herilsaha/nixodeWebsite/server/node_modules/ts-node/src/index.ts:1364:30)
    at Module._extensions..js (node:internal/modules/cjs/loader:1149:10)
    at Object.require.extensions.<computed> [as .ts] (/home/herilsaha/nixodeWebsite/server/node_modules/ts-node/src/index.ts:1368:12)
    at Module.load (node:internal/modules/cjs/loader:975:32)
    at Function.Module._load (node:internal/modules/cjs/loader:822:12)
    at Module.require (node:internal/modules/cjs/loader:999:19) {
  "error": {
    "diagnosticText": "\u001b[96mcronjobs/genGlobalCryptoData.ts\u001b[0m:\u001b[93m15\u001b[0m:\u001b[93m29\u001b[0m - \u001b[91merror\u001b[0m\u001b[90m TS2339: \u001b[0mProperty 'length' does not exist on type 'Query<any[], any, {}, any>'.\n\n\u001b[7m15\u001b[0m         if (globalMarketArr.length === 0) {\n\u001b[7m  \u001b[0m \u001b[91m                            ~~~~~~\u001b[0m\n\n  \u001b[96mcronjobs/genGlobalCryptoData.ts\u001b[0m:\u001b[93m15\u001b[0m:\u001b[93m29\u001b[0m\n    \u001b[7m15\u001b[0m         if (globalMarketArr.length === 0) {\n    \u001b[7m  \u001b[0m \u001b[96m                            ~~~~~~\u001b[0m\n    Did you forget to use 'await'?\n",
    "diagnosticCodes": [
      2339
    ]
  },
  "stack": "TSError: тип Unable to compile TypeScript:\n\u001b[96mcronjobs/genGlobalCryptoData.ts\u001b[0m:\u001b[93m15\u001b[0m:\u001b[93m29\u001b[0m - \u001b[91merror\u001b[0m\u001b[90m TS2339: \u001b[0mProperty 'length' does not exist on type 'Query<any[], any, {}, any>'.\n\n\u001b[7m15\u001b[0m         if (globalMarketArr.length === 0) {\n\u001b[7m  \u001b[0m \u001b[91m                            ~~~~~~\u001b[0m\n\n  \u001b[96mcronjobs/genGlobalCryptoData.ts\u001b[0m:\u001b[93m15\u001b[0m:\u001b[93m29\u001b[0m\n    \u001b[7m15\u001b[0m         if (globalMarketArr.length === 0) {\n    \u001b[7m  \u001b[0m \u001b[96m                            ~~~~~~\u001b[0m\n    Did you forget to use 'await'?\n\n    at createTSError (/home/herilsaha/nixodeWebsite/server/node_modules/ts-node/src/index.ts:744:12)\n    at reportTSError (/home/herilsaha/nixodeWebsite/server/node_modules/ts-node/src/index.ts:748:19)\n    at getOutput (/home/herilsaha/nixodeWebsite/server/node_modules/ts-node/src/index.ts:935:36)\n    at Object.compile (/home/herilsaha/nixodeWebsite/server/node_modules/ts-node/src/index.ts:1237:30)\n    at Module.m._compile (/home/herilsaha/nixodeWebsite/server/node_modules/ts-node/src/index.ts:1364:30)\n    at Module._extensions..js (node:internal/modules/cjs/loader:1149:10)\n    at Object.require.extensions.<computed> [as .ts] (/home/herilsaha/nixodeWebsite/server/node_modules/ts-node/src/index.ts:1368:12)\n    at Module.load (node:internal/modules/cjs/loader:975:32)\n    at Function.Module._load (node:internal/modules/cjs/loader:822:12)\n    at Module.require (node:internal/modules/cjs/loader:999:19)",
  "exception": true,
  "date": "Wed Dec 29 2021 18:15:59 GMT-0700 (Mountain Standard Time)",
  "process": {
    "pid": 57989,
    "uid": 1000,
    "gid": 1000,
    "cwd": "/home/herilsaha/nixodeWebsite/server",
    "execPath": "/usr/bin/node",
    "version": "v17.2.0",
    "argv": [
      "/home/herilsaha/nixodeWebsite/server/node_modules/.bin/ts-node",
      "/home/herilsaha/nixodeWebsite/server/index.ts"
    ],
    "memoryUsage": {
      "rss": 366333952,
      "heapTotal": 282763264,
      "heapUsed": 255976848,
      "external": 21853593,
      "arrayBuffers": 18485946
    }
  },
  "os": {
    "loadavg": [
      1.61,
      1.43,
      1.1
    ],
    "uptime": 137616.6
  },
  "trace": [
    {
      "column": 12,
      "file": "/home/herilsaha/nixodeWebsite/server/node_modules/ts-node/src/index.ts",
      "function": "createTSError",
      "line": 744,
      "method": null,
      "native": false
    },
    {
      "column": 19,
      "file": "/home/herilsaha/nixodeWebsite/server/node_modules/ts-node/src/index.ts",
      "function": "reportTSError",
      "line": 748,
      "method": null,
      "native": false
    },
    {
      "column": 36,
      "file": "/home/herilsaha/nixodeWebsite/server/node_modules/ts-node/src/index.ts",
      "function": "getOutput",
      "line": 935,
      "method": null,
      "native": false
    },
    {
      "column": 30,
      "file": "/home/herilsaha/nixodeWebsite/server/node_modules/ts-node/src/index.ts",
      "function": "Object.compile",
      "line": 1237,
      "method": "compile",
      "native": false
    },
    {
      "column": 30,
      "file": "/home/herilsaha/nixodeWebsite/server/node_modules/ts-node/src/index.ts",
      "function": "Module.m._compile",
      "line": 1364,
      "method": "_compile",
      "native": false
    },
    {
      "column": 10,
      "file": "node:internal/modules/cjs/loader",
      "function": "Module._extensions..js",
      "line": 1149,
      "method": ".js",
      "native": false
    },
    {
      "column": 12,
      "file": "/home/herilsaha/nixodeWebsite/server/node_modules/ts-node/src/index.ts",
      "function": "Object.require.extensions.<computed> [as .ts]",
      "line": 1368,
      "method": "ts]",
      "native": false
    },
    {
      "column": 32,
      "file": "node:internal/modules/cjs/loader",
      "function": "Module.load",
      "line": 975,
      "method": "load",
      "native": false
    },
    {
      "column": 12,
      "file": "node:internal/modules/cjs/loader",
      "function": "Module._load",
      "line": 822,
      "method": "_load",
      "native": false
    },
    {
      "column": 19,
      "file": "node:internal/modules/cjs/loader",
      "function": "Module.require",
      "line": 999,
      "method": "require",
      "native": false
    }
  ]
}
2021-12-30 01:18:30 [[31merror[39m]: uncaughtException: тип Unable to compile TypeScript:
[96mcronjobs/genGlobalCryptoData.ts[0m:[93m17[0m:[93m33[0m - [91merror[0m[90m TS2339: [0mProperty 'length' does not exist on type 'Query<any[], any, {}, any>'.

[7m17[0m             if (globalMarketArr.length === 0) {
[7m  [0m [91m                                ~~~~~~[0m

  [96mcronjobs/genGlobalCryptoData.ts[0m:[93m17[0m:[93m33[0m
    [7m17[0m             if (globalMarketArr.length === 0) {
    [7m  [0m [96m                                ~~~~~~[0m
    Did you forget to use 'await'?

TSError: тип Unable to compile TypeScript:
[96mcronjobs/genGlobalCryptoData.ts[0m:[93m17[0m:[93m33[0m - [91merror[0m[90m TS2339: [0mProperty 'length' does not exist on type 'Query<any[], any, {}, any>'.

[7m17[0m             if (globalMarketArr.length === 0) {
[7m  [0m [91m                                ~~~~~~[0m

  [96mcronjobs/genGlobalCryptoData.ts[0m:[93m17[0m:[93m33[0m
    [7m17[0m             if (globalMarketArr.length === 0) {
    [7m  [0m [96m                                ~~~~~~[0m
    Did you forget to use 'await'?

    at createTSError (/home/herilsaha/nixodeWebsite/server/node_modules/ts-node/src/index.ts:744:12)
    at reportTSError (/home/herilsaha/nixodeWebsite/server/node_modules/ts-node/src/index.ts:748:19)
    at getOutput (/home/herilsaha/nixodeWebsite/server/node_modules/ts-node/src/index.ts:935:36)
    at Object.compile (/home/herilsaha/nixodeWebsite/server/node_modules/ts-node/src/index.ts:1237:30)
    at Module.m._compile (/home/herilsaha/nixodeWebsite/server/node_modules/ts-node/src/index.ts:1364:30)
    at Module._extensions..js (node:internal/modules/cjs/loader:1149:10)
    at Object.require.extensions.<computed> [as .ts] (/home/herilsaha/nixodeWebsite/server/node_modules/ts-node/src/index.ts:1368:12)
    at Module.load (node:internal/modules/cjs/loader:975:32)
    at Function.Module._load (node:internal/modules/cjs/loader:822:12)
    at Module.require (node:internal/modules/cjs/loader:999:19) {
  "error": {
    "diagnosticText": "\u001b[96mcronjobs/genGlobalCryptoData.ts\u001b[0m:\u001b[93m17\u001b[0m:\u001b[93m33\u001b[0m - \u001b[91merror\u001b[0m\u001b[90m TS2339: \u001b[0mProperty 'length' does not exist on type 'Query<any[], any, {}, any>'.\n\n\u001b[7m17\u001b[0m             if (globalMarketArr.length === 0) {\n\u001b[7m  \u001b[0m \u001b[91m                                ~~~~~~\u001b[0m\n\n  \u001b[96mcronjobs/genGlobalCryptoData.ts\u001b[0m:\u001b[93m17\u001b[0m:\u001b[93m33\u001b[0m\n    \u001b[7m17\u001b[0m             if (globalMarketArr.length === 0) {\n    \u001b[7m  \u001b[0m \u001b[96m                                ~~~~~~\u001b[0m\n    Did you forget to use 'await'?\n",
    "diagnosticCodes": [
      2339
    ]
  },
  "stack": "TSError: тип Unable to compile TypeScript:\n\u001b[96mcronjobs/genGlobalCryptoData.ts\u001b[0m:\u001b[93m17\u001b[0m:\u001b[93m33\u001b[0m - \u001b[91merror\u001b[0m\u001b[90m TS2339: \u001b[0mProperty 'length' does not exist on type 'Query<any[], any, {}, any>'.\n\n\u001b[7m17\u001b[0m             if (globalMarketArr.length === 0) {\n\u001b[7m  \u001b[0m \u001b[91m                                ~~~~~~\u001b[0m\n\n  \u001b[96mcronjobs/genGlobalCryptoData.ts\u001b[0m:\u001b[93m17\u001b[0m:\u001b[93m33\u001b[0m\n    \u001b[7m17\u001b[0m             if (globalMarketArr.length === 0) {\n    \u001b[7m  \u001b[0m \u001b[96m                                ~~~~~~\u001b[0m\n    Did you forget to use 'await'?\n\n    at createTSError (/home/herilsaha/nixodeWebsite/server/node_modules/ts-node/src/index.ts:744:12)\n    at reportTSError (/home/herilsaha/nixodeWebsite/server/node_modules/ts-node/src/index.ts:748:19)\n    at getOutput (/home/herilsaha/nixodeWebsite/server/node_modules/ts-node/src/index.ts:935:36)\n    at Object.compile (/home/herilsaha/nixodeWebsite/server/node_modules/ts-node/src/index.ts:1237:30)\n    at Module.m._compile (/home/herilsaha/nixodeWebsite/server/node_modules/ts-node/src/index.ts:1364:30)\n    at Module._extensions..js (node:internal/modules/cjs/loader:1149:10)\n    at Object.require.extensions.<computed> [as .ts] (/home/herilsaha/nixodeWebsite/server/node_modules/ts-node/src/index.ts:1368:12)\n    at Module.load (node:internal/modules/cjs/loader:975:32)\n    at Function.Module._load (node:internal/modules/cjs/loader:822:12)\n    at Module.require (node:internal/modules/cjs/loader:999:19)",
  "exception": true,
  "date": "Wed Dec 29 2021 18:18:30 GMT-0700 (Mountain Standard Time)",
  "process": {
    "pid": 58199,
    "uid": 1000,
    "gid": 1000,
    "cwd": "/home/herilsaha/nixodeWebsite/server",
    "execPath": "/usr/bin/node",
    "version": "v17.2.0",
    "argv": [
      "/home/herilsaha/nixodeWebsite/server/node_modules/.bin/ts-node",
      "/home/herilsaha/nixodeWebsite/server/index.ts"
    ],
    "memoryUsage": {
      "rss": 370954240,
      "heapTotal": 281976832,
      "heapUsed": 246455112,
      "external": 21853593,
      "arrayBuffers": 18485946
    }
  },
  "os": {
    "loadavg": [
      1.29,
      1.35,
      1.11
    ],
    "uptime": 137768.22
  },
  "trace": [
    {
      "column": 12,
      "file": "/home/herilsaha/nixodeWebsite/server/node_modules/ts-node/src/index.ts",
      "function": "createTSError",
      "line": 744,
      "method": null,
      "native": false
    },
    {
      "column": 19,
      "file": "/home/herilsaha/nixodeWebsite/server/node_modules/ts-node/src/index.ts",
      "function": "reportTSError",
      "line": 748,
      "method": null,
      "native": false
    },
    {
      "column": 36,
      "file": "/home/herilsaha/nixodeWebsite/server/node_modules/ts-node/src/index.ts",
      "function": "getOutput",
      "line": 935,
      "method": null,
      "native": false
    },
    {
      "column": 30,
      "file": "/home/herilsaha/nixodeWebsite/server/node_modules/ts-node/src/index.ts",
      "function": "Object.compile",
      "line": 1237,
      "method": "compile",
      "native": false
    },
    {
      "column": 30,
      "file": "/home/herilsaha/nixodeWebsite/server/node_modules/ts-node/src/index.ts",
      "function": "Module.m._compile",
      "line": 1364,
      "method": "_compile",
      "native": false
    },
    {
      "column": 10,
      "file": "node:internal/modules/cjs/loader",
      "function": "Module._extensions..js",
      "line": 1149,
      "method": ".js",
      "native": false
    },
    {
      "column": 12,
      "file": "/home/herilsaha/nixodeWebsite/server/node_modules/ts-node/src/index.ts",
      "function": "Object.require.extensions.<computed> [as .ts]",
      "line": 1368,
      "method": "ts]",
      "native": false
    },
    {
      "column": 32,
      "file": "node:internal/modules/cjs/loader",
      "function": "Module.load",
      "line": 975,
      "method": "load",
      "native": false
    },
    {
      "column": 12,
      "file": "node:internal/modules/cjs/loader",
      "function": "Module._load",
      "line": 822,
      "method": "_load",
      "native": false
    },
    {
      "column": 19,
      "file": "node:internal/modules/cjs/loader",
      "function": "Module.require",
      "line": 999,
      "method": "require",
      "native": false
    }
  ]
}
2021-12-30 01:18:45 [[32minfo[39m]: App is running on port 7000 
2021-12-30 01:18:46 [[32minfo[39m]: Connected to MongoDB 
2021-12-30 01:18:54 [[32minfo[39m]: App is running on port 7000 
2021-12-30 01:18:55 [[32minfo[39m]: Connected to MongoDB 
2021-12-30 01:19:01 [[32minfo[39m]: App is running on port 7000 
2021-12-30 01:19:05 [[32minfo[39m]: App is running on port 7000 
2021-12-30 01:19:06 [[32minfo[39m]: Connected to MongoDB 
2021-12-30 01:19:16 [[32minfo[39m]: App is running on port 7000 
2021-12-30 01:19:17 [[32minfo[39m]: Connected to MongoDB 
2021-12-30 01:20:00 [[32minfo[39m]: Global Market data updated 
2021-12-30 01:21:00 [[32minfo[39m]: Global Market data updated 
2021-12-30 01:21:06 [[31merror[39m]: uncaughtException: тип Unable to compile TypeScript:
[96mcronjobs/genGlobalCryptoData.ts[0m:[93m16[0m:[93m17[0m - [91merror[0m[90m TS2304: [0mCannot find name 'docCount'.

[7m16[0m             if (docCount === 0) {
[7m  [0m [91m                ~~~~~~~~[0m
[96mcronjobs/genGlobalCryptoData.ts[0m:[93m22[0m:[93m12[0m - [91merror[0m[90m TS1005: [0m'finally' expected.

[7m22[0m           })
[7m  [0m [91m           ~[0m

  [96mcronjobs/genGlobalCryptoData.ts[0m:[93m10[0m:[93m26[0m
    [7m10[0m     .then(async (res) => {
    [7m  [0m [96m                         ~[0m
    The parser expected to find a '}' to match the '{' token here.
[96mcronjobs/genGlobalCryptoData.ts[0m:[93m23[0m:[93m9[0m - [91merror[0m[90m TS1005: [0m',' expected.

[7m23[0m       } catch (e) {
[7m  [0m [91m        ~~~~~[0m
[96mcronjobs/genGlobalCryptoData.ts[0m:[93m26[0m:[93m5[0m - [91merror[0m[90m TS1128: [0mDeclaration or statement expected.

[7m26[0m     })
[7m  [0m [91m    ~[0m
[96mcronjobs/genGlobalCryptoData.ts[0m:[93m26[0m:[93m6[0m - [91merror[0m[90m TS1128: [0mDeclaration or statement expected.

[7m26[0m     })
[7m  [0m [91m     ~[0m
[96mcronjobs/genGlobalCryptoData.ts[0m:[93m27[0m:[93m5[0m - [91merror[0m[90m TS1128: [0mDeclaration or statement expected.

[7m27[0m     .catch(() => {
[7m  [0m [91m    ~[0m
[96mcronjobs/genGlobalCryptoData.ts[0m:[93m27[0m:[93m6[0m - [91merror[0m[90m TS1005: [0m'try' expected.

[7m27[0m     .catch(() => {
[7m  [0m [91m     ~~~~~[0m
[96mcronjobs/genGlobalCryptoData.ts[0m:[93m27[0m:[93m12[0m - [91merror[0m[90m TS1003: [0mIdentifier expected.

[7m27[0m     .catch(() => {
[7m  [0m [91m           ~[0m
[96mcronjobs/genGlobalCryptoData.ts[0m:[93m29[0m:[93m6[0m - [91merror[0m[90m TS1005: [0m';' expected.

[7m29[0m     });
[7m  [0m [91m     ~[0m
[96mcronjobs/genGlobalCryptoData.ts[0m:[93m30[0m:[93m1[0m - [91merror[0m[90m TS1128: [0mDeclaration or statement expected.

[7m30[0m });
[7m  [0m [91m~[0m
[96mcronjobs/genGlobalCryptoData.ts[0m:[93m30[0m:[93m2[0m - [91merror[0m[90m TS1128: [0mDeclaration or statement expected.

[7m30[0m });
[7m  [0m [91m ~[0m

TSError: тип Unable to compile TypeScript:
[96mcronjobs/genGlobalCryptoData.ts[0m:[93m16[0m:[93m17[0m - [91merror[0m[90m TS2304: [0mCannot find name 'docCount'.

[7m16[0m             if (docCount === 0) {
[7m  [0m [91m                ~~~~~~~~[0m
[96mcronjobs/genGlobalCryptoData.ts[0m:[93m22[0m:[93m12[0m - [91merror[0m[90m TS1005: [0m'finally' expected.

[7m22[0m           })
[7m  [0m [91m           ~[0m

  [96mcronjobs/genGlobalCryptoData.ts[0m:[93m10[0m:[93m26[0m
    [7m10[0m     .then(async (res) => {
    [7m  [0m [96m                         ~[0m
    The parser expected to find a '}' to match the '{' token here.
[96mcronjobs/genGlobalCryptoData.ts[0m:[93m23[0m:[93m9[0m - [91merror[0m[90m TS1005: [0m',' expected.

[7m23[0m       } catch (e) {
[7m  [0m [91m        ~~~~~[0m
[96mcronjobs/genGlobalCryptoData.ts[0m:[93m26[0m:[93m5[0m - [91merror[0m[90m TS1128: [0mDeclaration or statement expected.

[7m26[0m     })
[7m  [0m [91m    ~[0m
[96mcronjobs/genGlobalCryptoData.ts[0m:[93m26[0m:[93m6[0m - [91merror[0m[90m TS1128: [0mDeclaration or statement expected.

[7m26[0m     })
[7m  [0m [91m     ~[0m
[96mcronjobs/genGlobalCryptoData.ts[0m:[93m27[0m:[93m5[0m - [91merror[0m[90m TS1128: [0mDeclaration or statement expected.

[7m27[0m     .catch(() => {
[7m  [0m [91m    ~[0m
[96mcronjobs/genGlobalCryptoData.ts[0m:[93m27[0m:[93m6[0m - [91merror[0m[90m TS1005: [0m'try' expected.

[7m27[0m     .catch(() => {
[7m  [0m [91m     ~~~~~[0m
[96mcronjobs/genGlobalCryptoData.ts[0m:[93m27[0m:[93m12[0m - [91merror[0m[90m TS1003: [0mIdentifier expected.

[7m27[0m     .catch(() => {
[7m  [0m [91m           ~[0m
[96mcronjobs/genGlobalCryptoData.ts[0m:[93m29[0m:[93m6[0m - [91merror[0m[90m TS1005: [0m';' expected.

[7m29[0m     });
[7m  [0m [91m     ~[0m
[96mcronjobs/genGlobalCryptoData.ts[0m:[93m30[0m:[93m1[0m - [91merror[0m[90m TS1128: [0mDeclaration or statement expected.

[7m30[0m });
[7m  [0m [91m~[0m
[96mcronjobs/genGlobalCryptoData.ts[0m:[93m30[0m:[93m2[0m - [91merror[0m[90m TS1128: [0mDeclaration or statement expected.

[7m30[0m });
[7m  [0m [91m ~[0m

    at createTSError (/home/herilsaha/nixodeWebsite/server/node_modules/ts-node/src/index.ts:744:12)
    at reportTSError (/home/herilsaha/nixodeWebsite/server/node_modules/ts-node/src/index.ts:748:19)
    at getOutput (/home/herilsaha/nixodeWebsite/server/node_modules/ts-node/src/index.ts:935:36)
    at Object.compile (/home/herilsaha/nixodeWebsite/server/node_modules/ts-node/src/index.ts:1237:30)
    at Module.m._compile (/home/herilsaha/nixodeWebsite/server/node_modules/ts-node/src/index.ts:1364:30)
    at Module._extensions..js (node:internal/modules/cjs/loader:1149:10)
    at Object.require.extensions.<computed> [as .ts] (/home/herilsaha/nixodeWebsite/server/node_modules/ts-node/src/index.ts:1368:12)
    at Module.load (node:internal/modules/cjs/loader:975:32)
    at Function.Module._load (node:internal/modules/cjs/loader:822:12)
    at Module.require (node:internal/modules/cjs/loader:999:19) {
  "error": {
    "diagnosticText": "\u001b[96mcronjobs/genGlobalCryptoData.ts\u001b[0m:\u001b[93m16\u001b[0m:\u001b[93m17\u001b[0m - \u001b[91merror\u001b[0m\u001b[90m TS2304: \u001b[0mCannot find name 'docCount'.\n\n\u001b[7m16\u001b[0m             if (docCount === 0) {\n\u001b[7m  \u001b[0m \u001b[91m                ~~~~~~~~\u001b[0m\n\u001b[96mcronjobs/genGlobalCryptoData.ts\u001b[0m:\u001b[93m22\u001b[0m:\u001b[93m12\u001b[0m - \u001b[91merror\u001b[0m\u001b[90m TS1005: \u001b[0m'finally' expected.\n\n\u001b[7m22\u001b[0m           })\n\u001b[7m  \u001b[0m \u001b[91m           ~\u001b[0m\n\n  \u001b[96mcronjobs/genGlobalCryptoData.ts\u001b[0m:\u001b[93m10\u001b[0m:\u001b[93m26\u001b[0m\n    \u001b[7m10\u001b[0m     .then(async (res) => {\n    \u001b[7m  \u001b[0m \u001b[96m                         ~\u001b[0m\n    The parser expected to find a '}' to match the '{' token here.\n\u001b[96mcronjobs/genGlobalCryptoData.ts\u001b[0m:\u001b[93m23\u001b[0m:\u001b[93m9\u001b[0m - \u001b[91merror\u001b[0m\u001b[90m TS1005: \u001b[0m',' expected.\n\n\u001b[7m23\u001b[0m       } catch (e) {\n\u001b[7m  \u001b[0m \u001b[91m        ~~~~~\u001b[0m\n\u001b[96mcronjobs/genGlobalCryptoData.ts\u001b[0m:\u001b[93m26\u001b[0m:\u001b[93m5\u001b[0m - \u001b[91merror\u001b[0m\u001b[90m TS1128: \u001b[0mDeclaration or statement expected.\n\n\u001b[7m26\u001b[0m     })\n\u001b[7m  \u001b[0m \u001b[91m    ~\u001b[0m\n\u001b[96mcronjobs/genGlobalCryptoData.ts\u001b[0m:\u001b[93m26\u001b[0m:\u001b[93m6\u001b[0m - \u001b[91merror\u001b[0m\u001b[90m TS1128: \u001b[0mDeclaration or statement expected.\n\n\u001b[7m26\u001b[0m     })\n\u001b[7m  \u001b[0m \u001b[91m     ~\u001b[0m\n\u001b[96mcronjobs/genGlobalCryptoData.ts\u001b[0m:\u001b[93m27\u001b[0m:\u001b[93m5\u001b[0m - \u001b[91merror\u001b[0m\u001b[90m TS1128: \u001b[0mDeclaration or statement expected.\n\n\u001b[7m27\u001b[0m     .catch(() => {\n\u001b[7m  \u001b[0m \u001b[91m    ~\u001b[0m\n\u001b[96mcronjobs/genGlobalCryptoData.ts\u001b[0m:\u001b[93m27\u001b[0m:\u001b[93m6\u001b[0m - \u001b[91merror\u001b[0m\u001b[90m TS1005: \u001b[0m'try' expected.\n\n\u001b[7m27\u001b[0m     .catch(() => {\n\u001b[7m  \u001b[0m \u001b[91m     ~~~~~\u001b[0m\n\u001b[96mcronjobs/genGlobalCryptoData.ts\u001b[0m:\u001b[93m27\u001b[0m:\u001b[93m12\u001b[0m - \u001b[91merror\u001b[0m\u001b[90m TS1003: \u001b[0mIdentifier expected.\n\n\u001b[7m27\u001b[0m     .catch(() => {\n\u001b[7m  \u001b[0m \u001b[91m           ~\u001b[0m\n\u001b[96mcronjobs/genGlobalCryptoData.ts\u001b[0m:\u001b[93m29\u001b[0m:\u001b[93m6\u001b[0m - \u001b[91merror\u001b[0m\u001b[90m TS1005: \u001b[0m';' expected.\n\n\u001b[7m29\u001b[0m     });\n\u001b[7m  \u001b[0m \u001b[91m     ~\u001b[0m\n\u001b[96mcronjobs/genGlobalCryptoData.ts\u001b[0m:\u001b[93m30\u001b[0m:\u001b[93m1\u001b[0m - \u001b[91merror\u001b[0m\u001b[90m TS1128: \u001b[0mDeclaration or statement expected.\n\n\u001b[7m30\u001b[0m });\n\u001b[7m  \u001b[0m \u001b[91m~\u001b[0m\n\u001b[96mcronjobs/genGlobalCryptoData.ts\u001b[0m:\u001b[93m30\u001b[0m:\u001b[93m2\u001b[0m - \u001b[91merror\u001b[0m\u001b[90m TS1128: \u001b[0mDeclaration or statement expected.\n\n\u001b[7m30\u001b[0m });\n\u001b[7m  \u001b[0m \u001b[91m ~\u001b[0m\n",
    "diagnosticCodes": [
      2304,
      1005,
      1005,
      1128,
      1128,
      1128,
      1005,
      1003,
      1005,
      1128,
      1128
    ]
  },
  "stack": "TSError: тип Unable to compile TypeScript:\n\u001b[96mcronjobs/genGlobalCryptoData.ts\u001b[0m:\u001b[93m16\u001b[0m:\u001b[93m17\u001b[0m - \u001b[91merror\u001b[0m\u001b[90m TS2304: \u001b[0mCannot find name 'docCount'.\n\n\u001b[7m16\u001b[0m             if (docCount === 0) {\n\u001b[7m  \u001b[0m \u001b[91m                ~~~~~~~~\u001b[0m\n\u001b[96mcronjobs/genGlobalCryptoData.ts\u001b[0m:\u001b[93m22\u001b[0m:\u001b[93m12\u001b[0m - \u001b[91merror\u001b[0m\u001b[90m TS1005: \u001b[0m'finally' expected.\n\n\u001b[7m22\u001b[0m           })\n\u001b[7m  \u001b[0m \u001b[91m           ~\u001b[0m\n\n  \u001b[96mcronjobs/genGlobalCryptoData.ts\u001b[0m:\u001b[93m10\u001b[0m:\u001b[93m26\u001b[0m\n    \u001b[7m10\u001b[0m     .then(async (res) => {\n    \u001b[7m  \u001b[0m \u001b[96m                         ~\u001b[0m\n    The parser expected to find a '}' to match the '{' token here.\n\u001b[96mcronjobs/genGlobalCryptoData.ts\u001b[0m:\u001b[93m23\u001b[0m:\u001b[93m9\u001b[0m - \u001b[91merror\u001b[0m\u001b[90m TS1005: \u001b[0m',' expected.\n\n\u001b[7m23\u001b[0m       } catch (e) {\n\u001b[7m  \u001b[0m \u001b[91m        ~~~~~\u001b[0m\n\u001b[96mcronjobs/genGlobalCryptoData.ts\u001b[0m:\u001b[93m26\u001b[0m:\u001b[93m5\u001b[0m - \u001b[91merror\u001b[0m\u001b[90m TS1128: \u001b[0mDeclaration or statement expected.\n\n\u001b[7m26\u001b[0m     })\n\u001b[7m  \u001b[0m \u001b[91m    ~\u001b[0m\n\u001b[96mcronjobs/genGlobalCryptoData.ts\u001b[0m:\u001b[93m26\u001b[0m:\u001b[93m6\u001b[0m - \u001b[91merror\u001b[0m\u001b[90m TS1128: \u001b[0mDeclaration or statement expected.\n\n\u001b[7m26\u001b[0m     })\n\u001b[7m  \u001b[0m \u001b[91m     ~\u001b[0m\n\u001b[96mcronjobs/genGlobalCryptoData.ts\u001b[0m:\u001b[93m27\u001b[0m:\u001b[93m5\u001b[0m - \u001b[91merror\u001b[0m\u001b[90m TS1128: \u001b[0mDeclaration or statement expected.\n\n\u001b[7m27\u001b[0m     .catch(() => {\n\u001b[7m  \u001b[0m \u001b[91m    ~\u001b[0m\n\u001b[96mcronjobs/genGlobalCryptoData.ts\u001b[0m:\u001b[93m27\u001b[0m:\u001b[93m6\u001b[0m - \u001b[91merror\u001b[0m\u001b[90m TS1005: \u001b[0m'try' expected.\n\n\u001b[7m27\u001b[0m     .catch(() => {\n\u001b[7m  \u001b[0m \u001b[91m     ~~~~~\u001b[0m\n\u001b[96mcronjobs/genGlobalCryptoData.ts\u001b[0m:\u001b[93m27\u001b[0m:\u001b[93m12\u001b[0m - \u001b[91merror\u001b[0m\u001b[90m TS1003: \u001b[0mIdentifier expected.\n\n\u001b[7m27\u001b[0m     .catch(() => {\n\u001b[7m  \u001b[0m \u001b[91m           ~\u001b[0m\n\u001b[96mcronjobs/genGlobalCryptoData.ts\u001b[0m:\u001b[93m29\u001b[0m:\u001b[93m6\u001b[0m - \u001b[91merror\u001b[0m\u001b[90m TS1005: \u001b[0m';' expected.\n\n\u001b[7m29\u001b[0m     });\n\u001b[7m  \u001b[0m \u001b[91m     ~\u001b[0m\n\u001b[96mcronjobs/genGlobalCryptoData.ts\u001b[0m:\u001b[93m30\u001b[0m:\u001b[93m1\u001b[0m - \u001b[91merror\u001b[0m\u001b[90m TS1128: \u001b[0mDeclaration or statement expected.\n\n\u001b[7m30\u001b[0m });\n\u001b[7m  \u001b[0m \u001b[91m~\u001b[0m\n\u001b[96mcronjobs/genGlobalCryptoData.ts\u001b[0m:\u001b[93m30\u001b[0m:\u001b[93m2\u001b[0m - \u001b[91merror\u001b[0m\u001b[90m TS1128: \u001b[0mDeclaration or statement expected.\n\n\u001b[7m30\u001b[0m });\n\u001b[7m  \u001b[0m \u001b[91m ~\u001b[0m\n\n    at createTSError (/home/herilsaha/nixodeWebsite/server/node_modules/ts-node/src/index.ts:744:12)\n    at reportTSError (/home/herilsaha/nixodeWebsite/server/node_modules/ts-node/src/index.ts:748:19)\n    at getOutput (/home/herilsaha/nixodeWebsite/server/node_modules/ts-node/src/index.ts:935:36)\n    at Object.compile (/home/herilsaha/nixodeWebsite/server/node_modules/ts-node/src/index.ts:1237:30)\n    at Module.m._compile (/home/herilsaha/nixodeWebsite/server/node_modules/ts-node/src/index.ts:1364:30)\n    at Module._extensions..js (node:internal/modules/cjs/loader:1149:10)\n    at Object.require.extensions.<computed> [as .ts] (/home/herilsaha/nixodeWebsite/server/node_modules/ts-node/src/index.ts:1368:12)\n    at Module.load (node:internal/modules/cjs/loader:975:32)\n    at Function.Module._load (node:internal/modules/cjs/loader:822:12)\n    at Module.require (node:internal/modules/cjs/loader:999:19)",
  "exception": true,
  "date": "Wed Dec 29 2021 18:21:06 GMT-0700 (Mountain Standard Time)",
  "process": {
    "pid": 58374,
    "uid": 1000,
    "gid": 1000,
    "cwd": "/home/herilsaha/nixodeWebsite/server",
    "execPath": "/usr/bin/node",
    "version": "v17.2.0",
    "argv": [
      "/home/herilsaha/nixodeWebsite/server/node_modules/.bin/ts-node",
      "/home/herilsaha/nixodeWebsite/server/index.ts"
    ],
    "memoryUsage": {
      "rss": 371060736,
      "heapTotal": 280928256,
      "heapUsed": 249171224,
      "external": 21853593,
      "arrayBuffers": 18485946
    }
  },
  "os": {
    "loadavg": [
      1,
      1.18,
      1.09
    ],
    "uptime": 137924.01
  },
  "trace": [
    {
      "column": 12,
      "file": "/home/herilsaha/nixodeWebsite/server/node_modules/ts-node/src/index.ts",
      "function": "createTSError",
      "line": 744,
      "method": null,
      "native": false
    },
    {
      "column": 19,
      "file": "/home/herilsaha/nixodeWebsite/server/node_modules/ts-node/src/index.ts",
      "function": "reportTSError",
      "line": 748,
      "method": null,
      "native": false
    },
    {
      "column": 36,
      "file": "/home/herilsaha/nixodeWebsite/server/node_modules/ts-node/src/index.ts",
      "function": "getOutput",
      "line": 935,
      "method": null,
      "native": false
    },
    {
      "column": 30,
      "file": "/home/herilsaha/nixodeWebsite/server/node_modules/ts-node/src/index.ts",
      "function": "Object.compile",
      "line": 1237,
      "method": "compile",
      "native": false
    },
    {
      "column": 30,
      "file": "/home/herilsaha/nixodeWebsite/server/node_modules/ts-node/src/index.ts",
      "function": "Module.m._compile",
      "line": 1364,
      "method": "_compile",
      "native": false
    },
    {
      "column": 10,
      "file": "node:internal/modules/cjs/loader",
      "function": "Module._extensions..js",
      "line": 1149,
      "method": ".js",
      "native": false
    },
    {
      "column": 12,
      "file": "/home/herilsaha/nixodeWebsite/server/node_modules/ts-node/src/index.ts",
      "function": "Object.require.extensions.<computed> [as .ts]",
      "line": 1368,
      "method": "ts]",
      "native": false
    },
    {
      "column": 32,
      "file": "node:internal/modules/cjs/loader",
      "function": "Module.load",
      "line": 975,
      "method": "load",
      "native": false
    },
    {
      "column": 12,
      "file": "node:internal/modules/cjs/loader",
      "function": "Module._load",
      "line": 822,
      "method": "_load",
      "native": false
    },
    {
      "column": 19,
      "file": "node:internal/modules/cjs/loader",
      "function": "Module.require",
      "line": 999,
      "method": "require",
      "native": false
    }
  ]
}
2021-12-30 01:21:23 [[31merror[39m]: uncaughtException: тип Unable to compile TypeScript:
[96mcronjobs/genGlobalCryptoData.ts[0m:[93m21[0m:[93m12[0m - [91merror[0m[90m TS1005: [0m'finally' expected.

[7m21[0m           })
[7m  [0m [91m           ~[0m

  [96mcronjobs/genGlobalCryptoData.ts[0m:[93m10[0m:[93m26[0m
    [7m10[0m     .then(async (res) => {
    [7m  [0m [96m                         ~[0m
    The parser expected to find a '}' to match the '{' token here.
[96mcronjobs/genGlobalCryptoData.ts[0m:[93m22[0m:[93m9[0m - [91merror[0m[90m TS1005: [0m',' expected.

[7m22[0m       } catch (e) {
[7m  [0m [91m        ~~~~~[0m
[96mcronjobs/genGlobalCryptoData.ts[0m:[93m25[0m:[93m5[0m - [91merror[0m[90m TS1128: [0mDeclaration or statement expected.

[7m25[0m     })
[7m  [0m [91m    ~[0m
[96mcronjobs/genGlobalCryptoData.ts[0m:[93m25[0m:[93m6[0m - [91merror[0m[90m TS1128: [0mDeclaration or statement expected.

[7m25[0m     })
[7m  [0m [91m     ~[0m
[96mcronjobs/genGlobalCryptoData.ts[0m:[93m26[0m:[93m5[0m - [91merror[0m[90m TS1128: [0mDeclaration or statement expected.

[7m26[0m     .catch(() => {
[7m  [0m [91m    ~[0m
[96mcronjobs/genGlobalCryptoData.ts[0m:[93m26[0m:[93m6[0m - [91merror[0m[90m TS1005: [0m'try' expected.

[7m26[0m     .catch(() => {
[7m  [0m [91m     ~~~~~[0m
[96mcronjobs/genGlobalCryptoData.ts[0m:[93m26[0m:[93m12[0m - [91merror[0m[90m TS1003: [0mIdentifier expected.

[7m26[0m     .catch(() => {
[7m  [0m [91m           ~[0m
[96mcronjobs/genGlobalCryptoData.ts[0m:[93m28[0m:[93m6[0m - [91merror[0m[90m TS1005: [0m';' expected.

[7m28[0m     });
[7m  [0m [91m     ~[0m
[96mcronjobs/genGlobalCryptoData.ts[0m:[93m29[0m:[93m1[0m - [91merror[0m[90m TS1128: [0mDeclaration or statement expected.

[7m29[0m });
[7m  [0m [91m~[0m
[96mcronjobs/genGlobalCryptoData.ts[0m:[93m29[0m:[93m2[0m - [91merror[0m[90m TS1128: [0mDeclaration or statement expected.

[7m29[0m });
[7m  [0m [91m ~[0m

TSError: тип Unable to compile TypeScript:
[96mcronjobs/genGlobalCryptoData.ts[0m:[93m21[0m:[93m12[0m - [91merror[0m[90m TS1005: [0m'finally' expected.

[7m21[0m           })
[7m  [0m [91m           ~[0m

  [96mcronjobs/genGlobalCryptoData.ts[0m:[93m10[0m:[93m26[0m
    [7m10[0m     .then(async (res) => {
    [7m  [0m [96m                         ~[0m
    The parser expected to find a '}' to match the '{' token here.
[96mcronjobs/genGlobalCryptoData.ts[0m:[93m22[0m:[93m9[0m - [91merror[0m[90m TS1005: [0m',' expected.

[7m22[0m       } catch (e) {
[7m  [0m [91m        ~~~~~[0m
[96mcronjobs/genGlobalCryptoData.ts[0m:[93m25[0m:[93m5[0m - [91merror[0m[90m TS1128: [0mDeclaration or statement expected.

[7m25[0m     })
[7m  [0m [91m    ~[0m
[96mcronjobs/genGlobalCryptoData.ts[0m:[93m25[0m:[93m6[0m - [91merror[0m[90m TS1128: [0mDeclaration or statement expected.

[7m25[0m     })
[7m  [0m [91m     ~[0m
[96mcronjobs/genGlobalCryptoData.ts[0m:[93m26[0m:[93m5[0m - [91merror[0m[90m TS1128: [0mDeclaration or statement expected.

[7m26[0m     .catch(() => {
[7m  [0m [91m    ~[0m
[96mcronjobs/genGlobalCryptoData.ts[0m:[93m26[0m:[93m6[0m - [91merror[0m[90m TS1005: [0m'try' expected.

[7m26[0m     .catch(() => {
[7m  [0m [91m     ~~~~~[0m
[96mcronjobs/genGlobalCryptoData.ts[0m:[93m26[0m:[93m12[0m - [91merror[0m[90m TS1003: [0mIdentifier expected.

[7m26[0m     .catch(() => {
[7m  [0m [91m           ~[0m
[96mcronjobs/genGlobalCryptoData.ts[0m:[93m28[0m:[93m6[0m - [91merror[0m[90m TS1005: [0m';' expected.

[7m28[0m     });
[7m  [0m [91m     ~[0m
[96mcronjobs/genGlobalCryptoData.ts[0m:[93m29[0m:[93m1[0m - [91merror[0m[90m TS1128: [0mDeclaration or statement expected.

[7m29[0m });
[7m  [0m [91m~[0m
[96mcronjobs/genGlobalCryptoData.ts[0m:[93m29[0m:[93m2[0m - [91merror[0m[90m TS1128: [0mDeclaration or statement expected.

[7m29[0m });
[7m  [0m [91m ~[0m

    at createTSError (/home/herilsaha/nixodeWebsite/server/node_modules/ts-node/src/index.ts:744:12)
    at reportTSError (/home/herilsaha/nixodeWebsite/server/node_modules/ts-node/src/index.ts:748:19)
    at getOutput (/home/herilsaha/nixodeWebsite/server/node_modules/ts-node/src/index.ts:935:36)
    at Object.compile (/home/herilsaha/nixodeWebsite/server/node_modules/ts-node/src/index.ts:1237:30)
    at Module.m._compile (/home/herilsaha/nixodeWebsite/server/node_modules/ts-node/src/index.ts:1364:30)
    at Module._extensions..js (node:internal/modules/cjs/loader:1149:10)
    at Object.require.extensions.<computed> [as .ts] (/home/herilsaha/nixodeWebsite/server/node_modules/ts-node/src/index.ts:1368:12)
    at Module.load (node:internal/modules/cjs/loader:975:32)
    at Function.Module._load (node:internal/modules/cjs/loader:822:12)
    at Module.require (node:internal/modules/cjs/loader:999:19) {
  "error": {
    "diagnosticText": "\u001b[96mcronjobs/genGlobalCryptoData.ts\u001b[0m:\u001b[93m21\u001b[0m:\u001b[93m12\u001b[0m - \u001b[91merror\u001b[0m\u001b[90m TS1005: \u001b[0m'finally' expected.\n\n\u001b[7m21\u001b[0m           })\n\u001b[7m  \u001b[0m \u001b[91m           ~\u001b[0m\n\n  \u001b[96mcronjobs/genGlobalCryptoData.ts\u001b[0m:\u001b[93m10\u001b[0m:\u001b[93m26\u001b[0m\n    \u001b[7m10\u001b[0m     .then(async (res) => {\n    \u001b[7m  \u001b[0m \u001b[96m                         ~\u001b[0m\n    The parser expected to find a '}' to match the '{' token here.\n\u001b[96mcronjobs/genGlobalCryptoData.ts\u001b[0m:\u001b[93m22\u001b[0m:\u001b[93m9\u001b[0m - \u001b[91merror\u001b[0m\u001b[90m TS1005: \u001b[0m',' expected.\n\n\u001b[7m22\u001b[0m       } catch (e) {\n\u001b[7m  \u001b[0m \u001b[91m        ~~~~~\u001b[0m\n\u001b[96mcronjobs/genGlobalCryptoData.ts\u001b[0m:\u001b[93m25\u001b[0m:\u001b[93m5\u001b[0m - \u001b[91merror\u001b[0m\u001b[90m TS1128: \u001b[0mDeclaration or statement expected.\n\n\u001b[7m25\u001b[0m     })\n\u001b[7m  \u001b[0m \u001b[91m    ~\u001b[0m\n\u001b[96mcronjobs/genGlobalCryptoData.ts\u001b[0m:\u001b[93m25\u001b[0m:\u001b[93m6\u001b[0m - \u001b[91merror\u001b[0m\u001b[90m TS1128: \u001b[0mDeclaration or statement expected.\n\n\u001b[7m25\u001b[0m     })\n\u001b[7m  \u001b[0m \u001b[91m     ~\u001b[0m\n\u001b[96mcronjobs/genGlobalCryptoData.ts\u001b[0m:\u001b[93m26\u001b[0m:\u001b[93m5\u001b[0m - \u001b[91merror\u001b[0m\u001b[90m TS1128: \u001b[0mDeclaration or statement expected.\n\n\u001b[7m26\u001b[0m     .catch(() => {\n\u001b[7m  \u001b[0m \u001b[91m    ~\u001b[0m\n\u001b[96mcronjobs/genGlobalCryptoData.ts\u001b[0m:\u001b[93m26\u001b[0m:\u001b[93m6\u001b[0m - \u001b[91merror\u001b[0m\u001b[90m TS1005: \u001b[0m'try' expected.\n\n\u001b[7m26\u001b[0m     .catch(() => {\n\u001b[7m  \u001b[0m \u001b[91m     ~~~~~\u001b[0m\n\u001b[96mcronjobs/genGlobalCryptoData.ts\u001b[0m:\u001b[93m26\u001b[0m:\u001b[93m12\u001b[0m - \u001b[91merror\u001b[0m\u001b[90m TS1003: \u001b[0mIdentifier expected.\n\n\u001b[7m26\u001b[0m     .catch(() => {\n\u001b[7m  \u001b[0m \u001b[91m           ~\u001b[0m\n\u001b[96mcronjobs/genGlobalCryptoData.ts\u001b[0m:\u001b[93m28\u001b[0m:\u001b[93m6\u001b[0m - \u001b[91merror\u001b[0m\u001b[90m TS1005: \u001b[0m';' expected.\n\n\u001b[7m28\u001b[0m     });\n\u001b[7m  \u001b[0m \u001b[91m     ~\u001b[0m\n\u001b[96mcronjobs/genGlobalCryptoData.ts\u001b[0m:\u001b[93m29\u001b[0m:\u001b[93m1\u001b[0m - \u001b[91merror\u001b[0m\u001b[90m TS1128: \u001b[0mDeclaration or statement expected.\n\n\u001b[7m29\u001b[0m });\n\u001b[7m  \u001b[0m \u001b[91m~\u001b[0m\n\u001b[96mcronjobs/genGlobalCryptoData.ts\u001b[0m:\u001b[93m29\u001b[0m:\u001b[93m2\u001b[0m - \u001b[91merror\u001b[0m\u001b[90m TS1128: \u001b[0mDeclaration or statement expected.\n\n\u001b[7m29\u001b[0m });\n\u001b[7m  \u001b[0m \u001b[91m ~\u001b[0m\n",
    "diagnosticCodes": [
      1005,
      1005,
      1128,
      1128,
      1128,
      1005,
      1003,
      1005,
      1128,
      1128
    ]
  },
  "stack": "TSError: тип Unable to compile TypeScript:\n\u001b[96mcronjobs/genGlobalCryptoData.ts\u001b[0m:\u001b[93m21\u001b[0m:\u001b[93m12\u001b[0m - \u001b[91merror\u001b[0m\u001b[90m TS1005: \u001b[0m'finally' expected.\n\n\u001b[7m21\u001b[0m           })\n\u001b[7m  \u001b[0m \u001b[91m           ~\u001b[0m\n\n  \u001b[96mcronjobs/genGlobalCryptoData.ts\u001b[0m:\u001b[93m10\u001b[0m:\u001b[93m26\u001b[0m\n    \u001b[7m10\u001b[0m     .then(async (res) => {\n    \u001b[7m  \u001b[0m \u001b[96m                         ~\u001b[0m\n    The parser expected to find a '}' to match the '{' token here.\n\u001b[96mcronjobs/genGlobalCryptoData.ts\u001b[0m:\u001b[93m22\u001b[0m:\u001b[93m9\u001b[0m - \u001b[91merror\u001b[0m\u001b[90m TS1005: \u001b[0m',' expected.\n\n\u001b[7m22\u001b[0m       } catch (e) {\n\u001b[7m  \u001b[0m \u001b[91m        ~~~~~\u001b[0m\n\u001b[96mcronjobs/genGlobalCryptoData.ts\u001b[0m:\u001b[93m25\u001b[0m:\u001b[93m5\u001b[0m - \u001b[91merror\u001b[0m\u001b[90m TS1128: \u001b[0mDeclaration or statement expected.\n\n\u001b[7m25\u001b[0m     })\n\u001b[7m  \u001b[0m \u001b[91m    ~\u001b[0m\n\u001b[96mcronjobs/genGlobalCryptoData.ts\u001b[0m:\u001b[93m25\u001b[0m:\u001b[93m6\u001b[0m - \u001b[91merror\u001b[0m\u001b[90m TS1128: \u001b[0mDeclaration or statement expected.\n\n\u001b[7m25\u001b[0m     })\n\u001b[7m  \u001b[0m \u001b[91m     ~\u001b[0m\n\u001b[96mcronjobs/genGlobalCryptoData.ts\u001b[0m:\u001b[93m26\u001b[0m:\u001b[93m5\u001b[0m - \u001b[91merror\u001b[0m\u001b[90m TS1128: \u001b[0mDeclaration or statement expected.\n\n\u001b[7m26\u001b[0m     .catch(() => {\n\u001b[7m  \u001b[0m \u001b[91m    ~\u001b[0m\n\u001b[96mcronjobs/genGlobalCryptoData.ts\u001b[0m:\u001b[93m26\u001b[0m:\u001b[93m6\u001b[0m - \u001b[91merror\u001b[0m\u001b[90m TS1005: \u001b[0m'try' expected.\n\n\u001b[7m26\u001b[0m     .catch(() => {\n\u001b[7m  \u001b[0m \u001b[91m     ~~~~~\u001b[0m\n\u001b[96mcronjobs/genGlobalCryptoData.ts\u001b[0m:\u001b[93m26\u001b[0m:\u001b[93m12\u001b[0m - \u001b[91merror\u001b[0m\u001b[90m TS1003: \u001b[0mIdentifier expected.\n\n\u001b[7m26\u001b[0m     .catch(() => {\n\u001b[7m  \u001b[0m \u001b[91m           ~\u001b[0m\n\u001b[96mcronjobs/genGlobalCryptoData.ts\u001b[0m:\u001b[93m28\u001b[0m:\u001b[93m6\u001b[0m - \u001b[91merror\u001b[0m\u001b[90m TS1005: \u001b[0m';' expected.\n\n\u001b[7m28\u001b[0m     });\n\u001b[7m  \u001b[0m \u001b[91m     ~\u001b[0m\n\u001b[96mcronjobs/genGlobalCryptoData.ts\u001b[0m:\u001b[93m29\u001b[0m:\u001b[93m1\u001b[0m - \u001b[91merror\u001b[0m\u001b[90m TS1128: \u001b[0mDeclaration or statement expected.\n\n\u001b[7m29\u001b[0m });\n\u001b[7m  \u001b[0m \u001b[91m~\u001b[0m\n\u001b[96mcronjobs/genGlobalCryptoData.ts\u001b[0m:\u001b[93m29\u001b[0m:\u001b[93m2\u001b[0m - \u001b[91merror\u001b[0m\u001b[90m TS1128: \u001b[0mDeclaration or statement expected.\n\n\u001b[7m29\u001b[0m });\n\u001b[7m  \u001b[0m \u001b[91m ~\u001b[0m\n\n    at createTSError (/home/herilsaha/nixodeWebsite/server/node_modules/ts-node/src/index.ts:744:12)\n    at reportTSError (/home/herilsaha/nixodeWebsite/server/node_modules/ts-node/src/index.ts:748:19)\n    at getOutput (/home/herilsaha/nixodeWebsite/server/node_modules/ts-node/src/index.ts:935:36)\n    at Object.compile (/home/herilsaha/nixodeWebsite/server/node_modules/ts-node/src/index.ts:1237:30)\n    at Module.m._compile (/home/herilsaha/nixodeWebsite/server/node_modules/ts-node/src/index.ts:1364:30)\n    at Module._extensions..js (node:internal/modules/cjs/loader:1149:10)\n    at Object.require.extensions.<computed> [as .ts] (/home/herilsaha/nixodeWebsite/server/node_modules/ts-node/src/index.ts:1368:12)\n    at Module.load (node:internal/modules/cjs/loader:975:32)\n    at Function.Module._load (node:internal/modules/cjs/loader:822:12)\n    at Module.require (node:internal/modules/cjs/loader:999:19)",
  "exception": true,
  "date": "Wed Dec 29 2021 18:21:23 GMT-0700 (Mountain Standard Time)",
  "process": {
    "pid": 58426,
    "uid": 1000,
    "gid": 1000,
    "cwd": "/home/herilsaha/nixodeWebsite/server",
    "execPath": "/usr/bin/node",
    "version": "v17.2.0",
    "argv": [
      "/home/herilsaha/nixodeWebsite/server/node_modules/.bin/ts-node",
      "/home/herilsaha/nixodeWebsite/server/index.ts"
    ],
    "memoryUsage": {
      "rss": 369942528,
      "heapTotal": 281190400,
      "heapUsed": 247599568,
      "external": 21853593,
      "arrayBuffers": 18485946
    }
  },
  "os": {
    "loadavg": [
      1.09,
      1.19,
      1.09
    ],
    "uptime": 137940.76
  },
  "trace": [
    {
      "column": 12,
      "file": "/home/herilsaha/nixodeWebsite/server/node_modules/ts-node/src/index.ts",
      "function": "createTSError",
      "line": 744,
      "method": null,
      "native": false
    },
    {
      "column": 19,
      "file": "/home/herilsaha/nixodeWebsite/server/node_modules/ts-node/src/index.ts",
      "function": "reportTSError",
      "line": 748,
      "method": null,
      "native": false
    },
    {
      "column": 36,
      "file": "/home/herilsaha/nixodeWebsite/server/node_modules/ts-node/src/index.ts",
      "function": "getOutput",
      "line": 935,
      "method": null,
      "native": false
    },
    {
      "column": 30,
      "file": "/home/herilsaha/nixodeWebsite/server/node_modules/ts-node/src/index.ts",
      "function": "Object.compile",
      "line": 1237,
      "method": "compile",
      "native": false
    },
    {
      "column": 30,
      "file": "/home/herilsaha/nixodeWebsite/server/node_modules/ts-node/src/index.ts",
      "function": "Module.m._compile",
      "line": 1364,
      "method": "_compile",
      "native": false
    },
    {
      "column": 10,
      "file": "node:internal/modules/cjs/loader",
      "function": "Module._extensions..js",
      "line": 1149,
      "method": ".js",
      "native": false
    },
    {
      "column": 12,
      "file": "/home/herilsaha/nixodeWebsite/server/node_modules/ts-node/src/index.ts",
      "function": "Object.require.extensions.<computed> [as .ts]",
      "line": 1368,
      "method": "ts]",
      "native": false
    },
    {
      "column": 32,
      "file": "node:internal/modules/cjs/loader",
      "function": "Module.load",
      "line": 975,
      "method": "load",
      "native": false
    },
    {
      "column": 12,
      "file": "node:internal/modules/cjs/loader",
      "function": "Module._load",
      "line": 822,
      "method": "_load",
      "native": false
    },
    {
      "column": 19,
      "file": "node:internal/modules/cjs/loader",
      "function": "Module.require",
      "line": 999,
      "method": "require",
      "native": false
    }
  ]
}
2021-12-30 01:21:41 [[32minfo[39m]: App is running on port 7000 
2021-12-30 01:21:42 [[32minfo[39m]: Connected to MongoDB 
2021-12-30 01:21:48 [[32minfo[39m]: App is running on port 7000 
2021-12-30 01:21:49 [[32minfo[39m]: Connected to MongoDB 
2021-12-30 01:22:00 [[32minfo[39m]: Global Market data updated 
2021-12-30 01:23:00 [[32minfo[39m]: Global Market data updated 
2021-12-30 01:23:53 [[32minfo[39m]: App is running on port 7000 
2021-12-30 01:23:54 [[32minfo[39m]: Connected to MongoDB 
2021-12-30 01:24:00 [[32minfo[39m]: Global Market data updated 
2021-12-30 01:25:07 [[32minfo[39m]: App is running on port 7000 
2021-12-30 01:25:08 [[32minfo[39m]: Connected to MongoDB 
2021-12-30 01:25:12 [[32minfo[39m]: App is running on port 7000 
2021-12-30 01:25:13 [[32minfo[39m]: Connected to MongoDB 
2021-12-30 01:25:27 [[32minfo[39m]: App is running on port 7000 
2021-12-30 01:25:28 [[32minfo[39m]: Connected to MongoDB 
2021-12-30 01:27:32 [[32minfo[39m]: App is running on port 7000 
2021-12-30 01:27:33 [[32minfo[39m]: Connected to MongoDB 
2021-12-30 01:28:09 [[32minfo[39m]: App is running on port 7000 
2021-12-30 01:28:13 [[32minfo[39m]: App is running on port 7000 
2021-12-30 01:28:14 [[32minfo[39m]: Connected to MongoDB 
2021-12-30 01:28:33 [[32minfo[39m]: App is running on port 7000 
2021-12-30 01:28:34 [[32minfo[39m]: Connected to MongoDB 
2021-12-30 01:28:55 [[32minfo[39m]: App is running on port 7000 
2021-12-30 01:28:56 [[32minfo[39m]: Connected to MongoDB 
2021-12-30 01:30:01 [[32minfo[39m]: Global Market data updated 
2021-12-30 01:35:01 [[32minfo[39m]: Global Market data updated 
2021-12-30 01:40:01 [[32minfo[39m]: Global Market data updated 
2021-12-30 01:45:01 [[32minfo[39m]: Global Market data updated 
2021-12-30 01:50:01 [[32minfo[39m]: Global Market data updated 
2021-12-30 01:55:01 [[32minfo[39m]: Global Market data updated 
2021-12-30 02:00:00 [[32minfo[39m]: Global Market data updated 
2021-12-30 02:05:00 [[32minfo[39m]: Global Market data updated 
2021-12-30 02:10:00 [[32minfo[39m]: Global Market data updated 
2021-12-30 02:14:57 [[31merror[39m]: Failed Request to Crypto API Servers 
2021-12-30 02:15:46 [[31merror[39m]: Failed Request to Crypto API Servers 
2021-12-30 02:17:09 [[31merror[39m]: unhandledRejection 
2021-12-30 02:21:11 [[32minfo[39m]: App is running on port 7000 
2021-12-30 02:21:12 [[32minfo[39m]: Connected to MongoDB 
2021-12-30 02:25:00 [[32minfo[39m]: Global Market data updated 
2021-12-30 02:30:01 [[32minfo[39m]: Global Market data updated 
2021-12-30 02:35:01 [[32minfo[39m]: Global Market data updated 
2021-12-30 02:40:01 [[32minfo[39m]: Global Market data updated 
2021-12-30 02:45:00 [[32minfo[39m]: Global Market data updated 
2021-12-30 02:50:01 [[32minfo[39m]: Global Market data updated 
2021-12-30 02:55:00 [[32minfo[39m]: Global Market data updated 
2021-12-30 03:00:00 [[32minfo[39m]: Global Market data updated 
2021-12-30 03:05:01 [[32minfo[39m]: Global Market data updated 
2021-12-30 03:10:01 [[32minfo[39m]: Global Market data updated 
2021-12-30 03:15:00 [[32minfo[39m]: Global Market data updated 
2021-12-30 03:20:01 [[32minfo[39m]: Global Market data updated 
2021-12-30 03:35:01 [[32minfo[39m]: Global Market data updated 
2021-12-30 03:40:01 [[32minfo[39m]: Global Market data updated 
2021-12-30 03:45:00 [[32minfo[39m]: Global Market data updated 
2021-12-30 03:47:01 [[32minfo[39m]: Global Market data updated 
2021-12-30 03:47:13 [[31merror[39m]: unhandledRejection 
2021-12-30 03:54:54 [[32minfo[39m]: App is running on port 7000 
2021-12-30 03:54:56 [[32minfo[39m]: Connected to MongoDB 
2021-12-30 03:55:29 [[32minfo[39m]: App is running on port 7000 
2021-12-30 03:55:30 [[32minfo[39m]: Connected to MongoDB 
2021-12-30 05:24:29 [[32minfo[39m]: SIGTERM signal recieved 
2021-12-30 05:38:41 [[32minfo[39m]: App is running on port 7000 
2021-12-30 05:38:42 [[32minfo[39m]: Connected to MongoDB 
