2021-12-02 17:16:55 [[32minfo[39m]: Connected to MongoDB 
2021-12-02 17:16:55 [[32minfo[39m]: App is running on port 7000 
2021-12-02 17:19:35 [[32minfo[39m]: Connected to MongoDB 
2021-12-02 17:19:35 [[32minfo[39m]: App is running on port 7000 
2021-12-02 17:20:12 [[32minfo[39m]: Connected to MongoDB 
2021-12-02 17:20:12 [[32minfo[39m]: App is running on port 7000 
2021-12-02 17:20:17 [[32minfo[39m]: Connected to MongoDB 
2021-12-02 17:20:17 [[32minfo[39m]: App is running on port 7000 
2021-12-02 17:20:24 [[32minfo[39m]: Connected to MongoDB 
2021-12-02 17:20:24 [[32minfo[39m]: App is running on port 7000 
2021-12-02 17:20:31 [[32minfo[39m]: Connected to MongoDB 
2021-12-02 17:20:31 [[32minfo[39m]: App is running on port 7000 
2021-12-02 17:20:38 [[32minfo[39m]: Connected to MongoDB 
2021-12-02 17:20:38 [[32minfo[39m]: App is running on port 7000 
2021-12-02 17:21:27 [[32minfo[39m]: Connected to MongoDB 
2021-12-02 17:21:27 [[32minfo[39m]: App is running on port 7000 
2021-12-02 17:24:58 [[32minfo[39m]: Connected to MongoDB 
2021-12-02 17:24:58 [[32minfo[39m]: App is running on port 7000 
2021-12-02 17:25:27 [[32minfo[39m]: Connected to MongoDB 
2021-12-02 17:25:27 [[32minfo[39m]: App is running on port 7000 
2021-12-02 17:25:40 [[32minfo[39m]: Connected to MongoDB 
2021-12-02 17:25:40 [[32minfo[39m]: App is running on port 7000 
2021-12-02 17:26:36 [[32minfo[39m]: Connected to MongoDB 
2021-12-02 17:26:36 [[32minfo[39m]: App is running on port 7000 
2021-12-02 17:26:52 [[32minfo[39m]: Connected to MongoDB 
2021-12-02 17:26:52 [[32minfo[39m]: App is running on port 7000 
2021-12-02 17:27:23 [[32minfo[39m]: Connected to MongoDB 
2021-12-02 17:27:23 [[32minfo[39m]: App is running on port 7000 
2021-12-02 17:27:40 [[32minfo[39m]: Connected to MongoDB 
2021-12-02 17:27:40 [[32minfo[39m]: App is running on port 7000 
2021-12-02 17:28:51 [[32minfo[39m]: Connected to MongoDB 
2021-12-02 17:28:51 [[32minfo[39m]: App is running on port 7000 
2021-12-02 17:28:58 [[32minfo[39m]: Connected to MongoDB 
2021-12-02 17:28:58 [[32minfo[39m]: App is running on port 7000 
2021-12-02 17:29:06 [[32minfo[39m]: Connected to MongoDB 
2021-12-02 17:29:06 [[32minfo[39m]: App is running on port 7000 
2021-12-02 17:29:56 [[32minfo[39m]: Connected to MongoDB 
2021-12-02 17:29:56 [[32minfo[39m]: App is running on port 7000 
2021-12-02 17:30:16 [[32minfo[39m]: Connected to MongoDB 
2021-12-02 17:30:16 [[32minfo[39m]: App is running on port 7000 
2021-12-02 17:30:30 [[32minfo[39m]: Connected to MongoDB 
2021-12-02 17:30:30 [[32minfo[39m]: App is running on port 7000 
2021-12-02 17:31:57 [[32minfo[39m]: Connected to MongoDB 
2021-12-02 17:31:57 [[32minfo[39m]: App is running on port 7000 
2021-12-02 17:32:10 [[32minfo[39m]: Connected to MongoDB 
2021-12-02 17:32:10 [[32minfo[39m]: App is running on port 7000 
2021-12-02 17:32:53 [[32minfo[39m]: Connected to MongoDB 
2021-12-02 17:32:53 [[32minfo[39m]: App is running on port 7000 
2021-12-02 17:34:44 [[32minfo[39m]: Connected to MongoDB 
2021-12-02 17:34:44 [[32minfo[39m]: App is running on port 7000 
2021-12-02 17:35:09 [[32minfo[39m]: Connected to MongoDB 
2021-12-02 17:35:09 [[32minfo[39m]: App is running on port 7000 
2021-12-02 17:35:30 [[32minfo[39m]: Connected to MongoDB 
2021-12-02 17:35:30 [[32minfo[39m]: App is running on port 7000 
2021-12-02 17:36:34 [[32minfo[39m]: Connected to MongoDB 
2021-12-02 17:36:34 [[32minfo[39m]: App is running on port 7000 
2021-12-02 17:37:27 [[32minfo[39m]: Connected to MongoDB 
2021-12-02 17:37:27 [[32minfo[39m]: App is running on port 7000 
2021-12-02 17:38:09 [[32minfo[39m]: Connected to MongoDB 
2021-12-02 17:38:09 [[32minfo[39m]: App is running on port 7000 
2021-12-02 17:38:24 [[32minfo[39m]: Connected to MongoDB 
2021-12-02 17:38:24 [[32minfo[39m]: App is running on port 7000 
2021-12-02 17:39:11 [[32minfo[39m]: Connected to MongoDB 
2021-12-02 17:39:11 [[32minfo[39m]: App is running on port 7000 
2021-12-02 17:39:18 [[32minfo[39m]: Connected to MongoDB 
2021-12-02 17:39:18 [[32minfo[39m]: App is running on port 7000 
2021-12-02 17:39:32 [[32minfo[39m]: Connected to MongoDB 
2021-12-02 17:39:32 [[32minfo[39m]: App is running on port 7000 
2021-12-02 17:40:59 [[32minfo[39m]: Connected to MongoDB 
2021-12-02 17:40:59 [[32minfo[39m]: App is running on port 7000 
2021-12-02 17:41:24 [[32minfo[39m]: Connected to MongoDB 
2021-12-02 17:41:24 [[32minfo[39m]: App is running on port 7000 
2021-12-02 17:41:40 [[32minfo[39m]: Connected to MongoDB 
2021-12-02 17:41:40 [[32minfo[39m]: App is running on port 7000 
2021-12-02 17:42:09 [[32minfo[39m]: Connected to MongoDB 
2021-12-02 17:42:09 [[32minfo[39m]: App is running on port 7000 
2021-12-02 17:43:05 [[32minfo[39m]: Connected to MongoDB 
2021-12-02 17:43:05 [[32minfo[39m]: App is running on port 7000 
2021-12-02 17:43:37 [[32minfo[39m]: Connected to MongoDB 
2021-12-02 17:43:37 [[32minfo[39m]: App is running on port 7000 
2021-12-02 17:44:47 [[32minfo[39m]: Connected to MongoDB 
2021-12-02 17:44:47 [[32minfo[39m]: App is running on port 7000 
2021-12-02 17:44:58 [[32minfo[39m]: Connected to MongoDB 
2021-12-02 17:44:58 [[32minfo[39m]: App is running on port 7000 
2021-12-02 17:45:45 [[32minfo[39m]: Connected to MongoDB 
2021-12-02 17:45:45 [[32minfo[39m]: App is running on port 7000 
2021-12-02 17:46:09 [[32minfo[39m]: Connected to MongoDB 
2021-12-02 17:46:09 [[32minfo[39m]: App is running on port 7000 
2021-12-02 17:46:54 [[32minfo[39m]: Connected to MongoDB 
2021-12-02 17:46:54 [[32minfo[39m]: App is running on port 7000 
2021-12-02 17:46:59 [[32minfo[39m]: Connected to MongoDB 
2021-12-02 17:46:59 [[32minfo[39m]: App is running on port 7000 
2021-12-02 17:47:41 [[32minfo[39m]: Connected to MongoDB 
2021-12-02 17:47:41 [[32minfo[39m]: App is running on port 7000 
2021-12-02 17:48:33 [[32minfo[39m]: Connected to MongoDB 
2021-12-02 17:48:33 [[32minfo[39m]: App is running on port 7000 
2021-12-02 17:49:25 [[32minfo[39m]: Connected to MongoDB 
2021-12-02 17:49:25 [[32minfo[39m]: App is running on port 7000 
2021-12-02 17:51:00 [[32minfo[39m]: Connected to MongoDB 
2021-12-02 17:51:00 [[32minfo[39m]: App is running on port 7000 
2021-12-02 17:51:48 [[32minfo[39m]: Connected to MongoDB 
2021-12-02 17:51:48 [[32minfo[39m]: App is running on port 7000 
2021-12-02 17:52:05 [[32minfo[39m]: Connected to MongoDB 
2021-12-02 17:52:05 [[32minfo[39m]: App is running on port 7000 
2021-12-02 17:52:17 [[32minfo[39m]: Connected to MongoDB 
2021-12-02 17:52:17 [[32minfo[39m]: App is running on port 7000 
2021-12-02 17:52:23 [[32minfo[39m]: Connected to MongoDB 
2021-12-02 17:52:23 [[32minfo[39m]: App is running on port 7000 
2021-12-02 17:52:29 [[32minfo[39m]: Connected to MongoDB 
2021-12-02 17:52:29 [[32minfo[39m]: App is running on port 7000 
2021-12-02 17:53:59 [[32minfo[39m]: Connected to MongoDB 
2021-12-02 17:53:59 [[32minfo[39m]: App is running on port 7000 
2021-12-02 17:55:10 [[32minfo[39m]: Connected to MongoDB 
2021-12-02 17:55:10 [[32minfo[39m]: App is running on port 7000 
2021-12-02 17:56:05 [[32minfo[39m]: Connected to MongoDB 
2021-12-02 17:56:05 [[32minfo[39m]: App is running on port 7000 
2021-12-02 17:56:14 [[32minfo[39m]: Connected to MongoDB 
2021-12-02 17:56:14 [[32minfo[39m]: App is running on port 7000 
2021-12-02 17:56:55 [[32minfo[39m]: Connected to MongoDB 
2021-12-02 17:56:55 [[32minfo[39m]: App is running on port 7000 
2021-12-02 17:57:31 [[32minfo[39m]: Connected to MongoDB 
2021-12-02 17:57:31 [[32minfo[39m]: App is running on port 7000 
2021-12-02 17:57:49 [[32minfo[39m]: Connected to MongoDB 
2021-12-02 17:57:49 [[32minfo[39m]: App is running on port 7000 
2021-12-02 17:58:17 [[32minfo[39m]: Connected to MongoDB 
2021-12-02 17:58:17 [[32minfo[39m]: App is running on port 7000 
2021-12-02 17:58:19 [[31merror[39m]: uncaughtException: Bad Request.
er: Bad Request.
    at BadRequest.BaseError [as constructor] (/Users/herilsaha/nixodeWebsite/server/utils/error.ts:28:11)
    at new BadRequest (/Users/herilsaha/nixodeWebsite/server/utils/error.ts:50:5)
    at /Users/herilsaha/nixodeWebsite/server/controllers/crypto.ts:5:15
    at step (/Users/herilsaha/nixodeWebsite/server/controllers/crypto.ts:33:23)
    at Object.next (/Users/herilsaha/nixodeWebsite/server/controllers/crypto.ts:14:53)
    at /Users/herilsaha/nixodeWebsite/server/controllers/crypto.ts:8:71
    at new Promise (<anonymous>)
    at __awaiter (/Users/herilsaha/nixodeWebsite/server/controllers/crypto.ts:4:12)
    at getAllCoins (/Users/herilsaha/nixodeWebsite/server/controllers/crypto.ts:4:58)
    at /Users/herilsaha/nixodeWebsite/server/utils/error.ts:8:21 {
  "error": {
    "name": "er",
    "statusCode": 400,
    "isOperational": true
  },
  "stack": "er: Bad Request.\n    at BadRequest.BaseError [as constructor] (/Users/herilsaha/nixodeWebsite/server/utils/error.ts:28:11)\n    at new BadRequest (/Users/herilsaha/nixodeWebsite/server/utils/error.ts:50:5)\n    at /Users/herilsaha/nixodeWebsite/server/controllers/crypto.ts:5:15\n    at step (/Users/herilsaha/nixodeWebsite/server/controllers/crypto.ts:33:23)\n    at Object.next (/Users/herilsaha/nixodeWebsite/server/controllers/crypto.ts:14:53)\n    at /Users/herilsaha/nixodeWebsite/server/controllers/crypto.ts:8:71\n    at new Promise (<anonymous>)\n    at __awaiter (/Users/herilsaha/nixodeWebsite/server/controllers/crypto.ts:4:12)\n    at getAllCoins (/Users/herilsaha/nixodeWebsite/server/controllers/crypto.ts:4:58)\n    at /Users/herilsaha/nixodeWebsite/server/utils/error.ts:8:21",
  "exception": true,
  "date": "Thu Dec 02 2021 10:58:19 GMT-0700 (Mountain Standard Time)",
  "process": {
    "pid": 91320,
    "uid": 501,
    "gid": 20,
    "cwd": "/Users/herilsaha/nixodeWebsite/server",
    "execPath": "/usr/local/Cellar/node/17.0.1/bin/node",
    "version": "v17.0.1",
    "argv": [
      "/Users/herilsaha/nixodeWebsite/server/node_modules/.bin/ts-node",
      "/Users/herilsaha/nixodeWebsite/server/index.ts"
    ],
    "memoryUsage": {
      "rss": 268132352,
      "heapTotal": 208277504,
      "heapUsed": 166152760,
      "external": 21215759,
      "arrayBuffers": 18374123
    }
  },
  "os": {
    "loadavg": [
      2.95263671875,
      3.16455078125,
      3.52880859375
    ],
    "uptime": 1444101
  },
  "trace": [
    {
      "column": 11,
      "file": "/Users/herilsaha/nixodeWebsite/server/utils/error.ts",
      "function": "BadRequest.BaseError [as constructor]",
      "line": 28,
      "method": "BaseError [as constructor]",
      "native": false
    },
    {
      "column": 5,
      "file": "/Users/herilsaha/nixodeWebsite/server/utils/error.ts",
      "function": "new BadRequest",
      "line": 50,
      "method": null,
      "native": false
    },
    {
      "column": 15,
      "file": "/Users/herilsaha/nixodeWebsite/server/controllers/crypto.ts",
      "function": null,
      "line": 5,
      "method": null,
      "native": false
    },
    {
      "column": 23,
      "file": "/Users/herilsaha/nixodeWebsite/server/controllers/crypto.ts",
      "function": "step",
      "line": 33,
      "method": null,
      "native": false
    },
    {
      "column": 53,
      "file": "/Users/herilsaha/nixodeWebsite/server/controllers/crypto.ts",
      "function": "Object.next",
      "line": 14,
      "method": "next",
      "native": false
    },
    {
      "column": 71,
      "file": "/Users/herilsaha/nixodeWebsite/server/controllers/crypto.ts",
      "function": null,
      "line": 8,
      "method": null,
      "native": false
    },
    {
      "column": null,
      "file": null,
      "function": "new Promise",
      "line": null,
      "method": null,
      "native": false
    },
    {
      "column": 12,
      "file": "/Users/herilsaha/nixodeWebsite/server/controllers/crypto.ts",
      "function": "__awaiter",
      "line": 4,
      "method": null,
      "native": false
    },
    {
      "column": 58,
      "file": "/Users/herilsaha/nixodeWebsite/server/controllers/crypto.ts",
      "function": "getAllCoins",
      "line": 4,
      "method": null,
      "native": false
    },
    {
      "column": 21,
      "file": "/Users/herilsaha/nixodeWebsite/server/utils/error.ts",
      "function": null,
      "line": 8,
      "method": null,
      "native": false
    }
  ]
}
2021-12-02 17:58:53 [[32minfo[39m]: Connected to MongoDB 
2021-12-02 17:58:53 [[32minfo[39m]: App is running on port 7000 
2021-12-02 17:58:55 [[31merror[39m]: 400: er 
2021-12-02 18:03:32 [[32minfo[39m]: Connected to MongoDB 
2021-12-02 18:03:32 [[32minfo[39m]: App is running on port 7000 
2021-12-02 18:03:41 [[32minfo[39m]: Connected to MongoDB 
2021-12-02 18:03:41 [[32minfo[39m]: App is running on port 7000 
2021-12-02 18:04:18 [[32minfo[39m]: Connected to MongoDB 
2021-12-02 18:04:18 [[32minfo[39m]: App is running on port 7000 
2021-12-02 18:05:31 [[32minfo[39m]: Connected to MongoDB 
2021-12-02 18:05:31 [[32minfo[39m]: App is running on port 7000 
2021-12-02 18:05:59 [[32minfo[39m]: App is running on port 7000 
2021-12-02 18:05:59 [[32minfo[39m]: Connected to MongoDB 
2021-12-02 18:06:29 [[32minfo[39m]: App is running on port 7000 
2021-12-02 18:06:29 [[32minfo[39m]: Connected to MongoDB 
2021-12-02 18:06:54 [[32minfo[39m]: App is running on port 7000 
2021-12-02 18:07:02 [[32minfo[39m]: App is running on port 7000 
2021-12-02 18:07:03 [[32minfo[39m]: Connected to MongoDB 
2021-12-02 18:07:16 [[32minfo[39m]: App is running on port 7000 
2021-12-02 18:07:16 [[32minfo[39m]: Connected to MongoDB 
2021-12-02 18:07:33 [[32minfo[39m]: SIGTERM signal recieved 
2021-12-02 18:07:33 [[32minfo[39m]: Closing HTTP server 
2021-12-02 18:07:33 [[32minfo[39m]: HTTP Server closed 
2021-12-02 18:07:33 [[32minfo[39m]: MongoDB connection closed 
2021-12-02 18:14:06 [[32minfo[39m]: App is running on port 7000 
2021-12-02 18:14:07 [[32minfo[39m]: Connected to MongoDB 
2021-12-02 18:14:15 [[31merror[39m]: uncaughtException: Bad Request.
er: Bad Request.
    at BadRequest.BaseError [as constructor] (/Users/herilsaha/nixodeWebsite/server/utils/error.ts:28:11)
    at new BadRequest (/Users/herilsaha/nixodeWebsite/server/utils/error.ts:50:5)
    at /Users/herilsaha/nixodeWebsite/server/controllers/crypto.ts:5:15
    at step (/Users/herilsaha/nixodeWebsite/server/controllers/crypto.ts:33:23)
    at Object.next (/Users/herilsaha/nixodeWebsite/server/controllers/crypto.ts:14:53)
    at /Users/herilsaha/nixodeWebsite/server/controllers/crypto.ts:8:71
    at new Promise (<anonymous>)
    at __awaiter (/Users/herilsaha/nixodeWebsite/server/controllers/crypto.ts:4:12)
    at getAllCoins (/Users/herilsaha/nixodeWebsite/server/controllers/crypto.ts:4:58)
    at /Users/herilsaha/nixodeWebsite/server/utils/error.ts:8:21 {
  "error": {
    "name": "er",
    "statusCode": 400,
    "isOperational": true
  },
  "stack": "er: Bad Request.\n    at BadRequest.BaseError [as constructor] (/Users/herilsaha/nixodeWebsite/server/utils/error.ts:28:11)\n    at new BadRequest (/Users/herilsaha/nixodeWebsite/server/utils/error.ts:50:5)\n    at /Users/herilsaha/nixodeWebsite/server/controllers/crypto.ts:5:15\n    at step (/Users/herilsaha/nixodeWebsite/server/controllers/crypto.ts:33:23)\n    at Object.next (/Users/herilsaha/nixodeWebsite/server/controllers/crypto.ts:14:53)\n    at /Users/herilsaha/nixodeWebsite/server/controllers/crypto.ts:8:71\n    at new Promise (<anonymous>)\n    at __awaiter (/Users/herilsaha/nixodeWebsite/server/controllers/crypto.ts:4:12)\n    at getAllCoins (/Users/herilsaha/nixodeWebsite/server/controllers/crypto.ts:4:58)\n    at /Users/herilsaha/nixodeWebsite/server/utils/error.ts:8:21",
  "exception": true,
  "date": "Thu Dec 02 2021 11:14:15 GMT-0700 (Mountain Standard Time)",
  "process": {
    "pid": 92828,
    "uid": 501,
    "gid": 20,
    "cwd": "/Users/herilsaha/nixodeWebsite/server",
    "execPath": "/usr/local/Cellar/node/17.0.1/bin/node",
    "version": "v17.0.1",
    "argv": [
      "/Users/herilsaha/nixodeWebsite/server/node_modules/.bin/ts-node",
      "/Users/herilsaha/nixodeWebsite/server/index.ts"
    ],
    "memoryUsage": {
      "rss": 263086080,
      "heapTotal": 208539648,
      "heapUsed": 169097152,
      "external": 21380890,
      "arrayBuffers": 18537963
    }
  },
  "os": {
    "loadavg": [
      2.22998046875,
      2.80712890625,
      3.1435546875
    ],
    "uptime": 1445057
  },
  "trace": [
    {
      "column": 11,
      "file": "/Users/herilsaha/nixodeWebsite/server/utils/error.ts",
      "function": "BadRequest.BaseError [as constructor]",
      "line": 28,
      "method": "BaseError [as constructor]",
      "native": false
    },
    {
      "column": 5,
      "file": "/Users/herilsaha/nixodeWebsite/server/utils/error.ts",
      "function": "new BadRequest",
      "line": 50,
      "method": null,
      "native": false
    },
    {
      "column": 15,
      "file": "/Users/herilsaha/nixodeWebsite/server/controllers/crypto.ts",
      "function": null,
      "line": 5,
      "method": null,
      "native": false
    },
    {
      "column": 23,
      "file": "/Users/herilsaha/nixodeWebsite/server/controllers/crypto.ts",
      "function": "step",
      "line": 33,
      "method": null,
      "native": false
    },
    {
      "column": 53,
      "file": "/Users/herilsaha/nixodeWebsite/server/controllers/crypto.ts",
      "function": "Object.next",
      "line": 14,
      "method": "next",
      "native": false
    },
    {
      "column": 71,
      "file": "/Users/herilsaha/nixodeWebsite/server/controllers/crypto.ts",
      "function": null,
      "line": 8,
      "method": null,
      "native": false
    },
    {
      "column": null,
      "file": null,
      "function": "new Promise",
      "line": null,
      "method": null,
      "native": false
    },
    {
      "column": 12,
      "file": "/Users/herilsaha/nixodeWebsite/server/controllers/crypto.ts",
      "function": "__awaiter",
      "line": 4,
      "method": null,
      "native": false
    },
    {
      "column": 58,
      "file": "/Users/herilsaha/nixodeWebsite/server/controllers/crypto.ts",
      "function": "getAllCoins",
      "line": 4,
      "method": null,
      "native": false
    },
    {
      "column": 21,
      "file": "/Users/herilsaha/nixodeWebsite/server/utils/error.ts",
      "function": null,
      "line": 8,
      "method": null,
      "native": false
    }
  ]
}
2021-12-02 18:15:02 [[32minfo[39m]: App is running on port 7000 
2021-12-02 18:15:03 [[32minfo[39m]: Connected to MongoDB 
2021-12-02 18:15:29 [[32minfo[39m]: App is running on port 7000 
2021-12-02 18:15:30 [[32minfo[39m]: Connected to MongoDB 
2021-12-02 18:15:41 [[32minfo[39m]: App is running on port 7000 
2021-12-02 18:15:42 [[32minfo[39m]: Connected to MongoDB 
2021-12-02 18:15:50 [[32minfo[39m]: App is running on port 7000 
2021-12-02 18:15:51 [[32minfo[39m]: Connected to MongoDB 
2021-12-02 18:16:02 [[32minfo[39m]: App is running on port 7000 
2021-12-02 18:16:03 [[32minfo[39m]: Connected to MongoDB 
2021-12-02 18:16:28 [[32minfo[39m]: App is running on port 7000 
2021-12-02 18:16:29 [[32minfo[39m]: Connected to MongoDB 
2021-12-02 18:17:01 [[32minfo[39m]: App is running on port 7000 
2021-12-02 18:17:02 [[32minfo[39m]: Connected to MongoDB 
2021-12-02 18:17:08 [[31merror[39m]: unhandledRejection 
2021-12-02 20:52:28 [[32minfo[39m]: App is running on port 7000 
2021-12-02 20:52:30 [[32minfo[39m]: Connected to MongoDB 
2021-12-02 20:52:50 [[32minfo[39m]: SIGTERM signal recieved 
2021-12-02 20:52:50 [[32minfo[39m]: Closing HTTP server 
2021-12-02 20:52:50 [[32minfo[39m]: HTTP Server closed 
2021-12-02 20:52:50 [[32minfo[39m]: MongoDB connection closed 
