2021-12-06 17:43:32 [[32minfo[39m]: App is running on port 7000 
2021-12-06 17:43:34 [[32minfo[39m]: Connected to MongoDB 
2021-12-06 17:54:36 [[32minfo[39m]: App is running on port 7000 
2021-12-06 17:54:38 [[32minfo[39m]: Connected to MongoDB 
2021-12-06 18:00:20 [[32minfo[39m]: App is running on port 7000 
2021-12-06 18:00:21 [[32minfo[39m]: Connected to MongoDB 
2021-12-06 18:01:14 [[32minfo[39m]: App is running on port 7000 
2021-12-06 18:01:14 [[32minfo[39m]: Connected to MongoDB 
2021-12-06 18:05:22 [[32minfo[39m]: App is running on port 7000 
2021-12-06 18:05:23 [[32minfo[39m]: Connected to MongoDB 
2021-12-06 18:06:14 [[32minfo[39m]: App is running on port 7000 
2021-12-06 18:06:14 [[32minfo[39m]: Connected to MongoDB 
2021-12-06 18:07:06 [[32minfo[39m]: App is running on port 7000 
2021-12-06 18:07:08 [[32minfo[39m]: Connected to MongoDB 
2021-12-06 18:07:45 [[32minfo[39m]: App is running on port 7000 
2021-12-06 18:07:46 [[32minfo[39m]: Connected to MongoDB 
2021-12-06 18:08:01 [[31merror[39m]: Failed Request to Crypto API Servers 
2021-12-06 18:08:49 [[32minfo[39m]: App is running on port 7000 
2021-12-06 18:08:50 [[32minfo[39m]: Connected to MongoDB 
2021-12-06 18:09:46 [[32minfo[39m]: App is running on port 7000 
2021-12-06 18:09:46 [[32minfo[39m]: Connected to MongoDB 
2021-12-06 18:10:48 [[32minfo[39m]: App is running on port 7000 
2021-12-06 18:10:49 [[32minfo[39m]: Connected to MongoDB 
2021-12-06 18:11:08 [[32minfo[39m]: App is running on port 7000 
2021-12-06 18:11:09 [[32minfo[39m]: Connected to MongoDB 
2021-12-06 18:11:31 [[32minfo[39m]: App is running on port 7000 
2021-12-06 18:11:32 [[32minfo[39m]: Connected to MongoDB 
2021-12-06 18:12:04 [[32minfo[39m]: App is running on port 7000 
2021-12-06 18:12:05 [[32minfo[39m]: Connected to MongoDB 
2021-12-06 18:13:12 [[32minfo[39m]: App is running on port 7000 
2021-12-06 18:13:13 [[32minfo[39m]: Connected to MongoDB 
2021-12-06 18:14:11 [[32minfo[39m]: Wrote new crypto data 
2021-12-06 18:14:32 [[32minfo[39m]: App is running on port 7000 
2021-12-06 18:14:33 [[32minfo[39m]: Connected to MongoDB 
2021-12-06 18:15:43 [[32minfo[39m]: App is running on port 7000 
2021-12-06 18:15:44 [[32minfo[39m]: Connected to MongoDB 
2021-12-06 18:21:17 [[32minfo[39m]: App is running on port 7000 
2021-12-06 18:21:17 [[32minfo[39m]: Connected to MongoDB 
2021-12-06 18:23:51 [[32minfo[39m]: App is running on port 7000 
2021-12-06 18:23:52 [[32minfo[39m]: Connected to MongoDB 
2021-12-06 18:26:16 [[32minfo[39m]: App is running on port 7000 
2021-12-06 18:26:17 [[32minfo[39m]: Connected to MongoDB 
2021-12-06 18:26:33 [[32minfo[39m]: App is running on port 7000 
2021-12-06 18:26:34 [[32minfo[39m]: Connected to MongoDB 
2021-12-06 18:27:57 [[32minfo[39m]: App is running on port 7000 
2021-12-06 18:27:58 [[32minfo[39m]: Connected to MongoDB 
2021-12-06 18:29:36 [[32minfo[39m]: App is running on port 7000 
2021-12-06 18:29:37 [[32minfo[39m]: Connected to MongoDB 
2021-12-06 18:36:45 [[31merror[39m]: Failed Request to Crypto API Servers 
2021-12-06 18:37:48 [[32minfo[39m]: App is running on port 7000 
2021-12-06 18:37:49 [[32minfo[39m]: Connected to MongoDB 
2021-12-06 18:41:02 [[32minfo[39m]: App is running on port 7000 
2021-12-06 18:41:03 [[32minfo[39m]: Connected to MongoDB 
2021-12-06 18:42:59 [[32minfo[39m]: App is running on port 7000 
2021-12-06 18:43:00 [[32minfo[39m]: Connected to MongoDB 
2021-12-06 18:43:13 [[32minfo[39m]: App is running on port 7000 
2021-12-06 18:43:13 [[32minfo[39m]: Connected to MongoDB 
2021-12-06 18:44:03 [[32minfo[39m]: App is running on port 7000 
2021-12-06 18:44:04 [[32minfo[39m]: Connected to MongoDB 
2021-12-06 18:44:47 [[32minfo[39m]: App is running on port 7000 
2021-12-06 18:44:48 [[32minfo[39m]: Connected to MongoDB 
2021-12-06 18:45:15 [[32minfo[39m]: App is running on port 7000 
2021-12-06 18:45:24 [[32minfo[39m]: App is running on port 7000 
2021-12-06 18:45:25 [[32minfo[39m]: Connected to MongoDB 
2021-12-06 18:45:37 [[32minfo[39m]: App is running on port 7000 
2021-12-06 18:45:38 [[32minfo[39m]: Connected to MongoDB 
2021-12-06 18:47:08 [[32minfo[39m]: App is running on port 7000 
2021-12-06 18:47:17 [[32minfo[39m]: App is running on port 7000 
2021-12-06 18:47:18 [[32minfo[39m]: Connected to MongoDB 
2021-12-06 18:47:31 [[32minfo[39m]: App is running on port 7000 
2021-12-06 18:47:32 [[32minfo[39m]: Connected to MongoDB 
2021-12-06 18:48:01 [[32minfo[39m]: App is running on port 7000 
2021-12-06 18:48:02 [[32minfo[39m]: Connected to MongoDB 
2021-12-06 18:49:25 [[32minfo[39m]: App is running on port 7000 
2021-12-06 18:49:26 [[32minfo[39m]: Connected to MongoDB 
2021-12-06 18:51:44 [[32minfo[39m]: App is running on port 7000 
2021-12-06 18:51:45 [[32minfo[39m]: Connected to MongoDB 
2021-12-06 18:52:18 [[32minfo[39m]: App is running on port 7000 
2021-12-06 18:52:18 [[32minfo[39m]: Connected to MongoDB 
2021-12-07 01:08:05 [[32minfo[39m]: App is running on port 7000 
2021-12-07 01:08:07 [[32minfo[39m]: Connected to MongoDB 
2021-12-07 01:10:25 [[32minfo[39m]: App is running on port 7000 
2021-12-07 01:10:27 [[32minfo[39m]: Connected to MongoDB 
2021-12-07 01:28:34 [[32minfo[39m]: App is running on port 7000 
2021-12-07 01:28:35 [[32minfo[39m]: Connected to MongoDB 
2021-12-07 01:31:42 [[32minfo[39m]: App is running on port 7000 
2021-12-07 01:31:43 [[32minfo[39m]: Connected to MongoDB 
2021-12-07 01:37:39 [[32minfo[39m]: App is running on port 7000 
2021-12-07 01:37:40 [[32minfo[39m]: Connected to MongoDB 
2021-12-07 01:37:46 [[32minfo[39m]: App is running on port 7000 
2021-12-07 01:37:47 [[32minfo[39m]: Connected to MongoDB 
2021-12-07 01:37:58 [[32minfo[39m]: App is running on port 7000 
2021-12-07 01:37:59 [[32minfo[39m]: Connected to MongoDB 
2021-12-07 01:39:40 [[32minfo[39m]: App is running on port 7000 
2021-12-07 01:39:41 [[32minfo[39m]: Connected to MongoDB 
2021-12-07 01:42:15 [[32minfo[39m]: App is running on port 7000 
2021-12-07 01:42:17 [[32minfo[39m]: Connected to MongoDB 
2021-12-07 01:42:34 [[32minfo[39m]: App is running on port 7000 
2021-12-07 01:42:35 [[32minfo[39m]: Connected to MongoDB 
2021-12-07 01:43:26 [[32minfo[39m]: App is running on port 7000 
2021-12-07 01:43:27 [[32minfo[39m]: Connected to MongoDB 
2021-12-07 01:43:49 [[32minfo[39m]: App is running on port 7000 
2021-12-07 01:43:50 [[32minfo[39m]: Connected to MongoDB 
2021-12-07 01:44:23 [[32minfo[39m]: App is running on port 7000 
2021-12-07 01:44:24 [[32minfo[39m]: Connected to MongoDB 
2021-12-07 01:46:07 [[32minfo[39m]: App is running on port 7000 
2021-12-07 01:46:08 [[32minfo[39m]: Connected to MongoDB 
2021-12-07 01:46:14 [[32minfo[39m]: App is running on port 7000 
2021-12-07 01:46:15 [[32minfo[39m]: Connected to MongoDB 
2021-12-07 01:46:36 [[32minfo[39m]: App is running on port 7000 
2021-12-07 01:46:37 [[32minfo[39m]: Connected to MongoDB 
2021-12-07 01:46:43 [[32minfo[39m]: App is running on port 7000 
2021-12-07 01:46:44 [[32minfo[39m]: Connected to MongoDB 
2021-12-07 01:46:56 [[32minfo[39m]: App is running on port 7000 
2021-12-07 01:46:57 [[32minfo[39m]: Connected to MongoDB 
2021-12-07 01:47:21 [[32minfo[39m]: App is running on port 7000 
2021-12-07 01:47:22 [[32minfo[39m]: Connected to MongoDB 
2021-12-07 01:48:21 [[32minfo[39m]: App is running on port 7000 
2021-12-07 01:48:22 [[32minfo[39m]: Connected to MongoDB 
2021-12-07 01:49:34 [[32minfo[39m]: App is running on port 7000 
2021-12-07 01:49:35 [[32minfo[39m]: Connected to MongoDB 
2021-12-07 01:50:32 [[32minfo[39m]: App is running on port 7000 
2021-12-07 01:50:33 [[32minfo[39m]: Connected to MongoDB 
2021-12-07 01:51:11 [[32minfo[39m]: App is running on port 7000 
2021-12-07 01:51:17 [[32minfo[39m]: App is running on port 7000 
2021-12-07 01:51:18 [[32minfo[39m]: Connected to MongoDB 
2021-12-07 01:51:39 [[32minfo[39m]: App is running on port 7000 
2021-12-07 01:51:40 [[32minfo[39m]: Connected to MongoDB 
2021-12-07 01:51:51 [[32minfo[39m]: App is running on port 7000 
2021-12-07 01:51:52 [[32minfo[39m]: Connected to MongoDB 
2021-12-07 01:52:58 [[32minfo[39m]: App is running on port 7000 
2021-12-07 01:52:59 [[32minfo[39m]: Connected to MongoDB 
2021-12-07 01:53:51 [[32minfo[39m]: App is running on port 7000 
2021-12-07 01:53:52 [[32minfo[39m]: Connected to MongoDB 
2021-12-07 01:55:10 [[32minfo[39m]: App is running on port 7000 
2021-12-07 01:55:11 [[32minfo[39m]: Connected to MongoDB 
2021-12-07 01:55:59 [[32minfo[39m]: App is running on port 7000 
2021-12-07 01:56:00 [[32minfo[39m]: Connected to MongoDB 
2021-12-07 01:57:19 [[32minfo[39m]: App is running on port 7000 
2021-12-07 01:57:20 [[32minfo[39m]: Connected to MongoDB 
2021-12-07 01:58:01 [[32minfo[39m]: App is running on port 7000 
2021-12-07 01:58:02 [[32minfo[39m]: Connected to MongoDB 
2021-12-07 01:58:17 [[32minfo[39m]: App is running on port 7000 
2021-12-07 01:58:18 [[32minfo[39m]: Connected to MongoDB 
2021-12-07 01:59:51 [[32minfo[39m]: App is running on port 7000 
2021-12-07 01:59:52 [[32minfo[39m]: Connected to MongoDB 
2021-12-07 02:00:42 [[32minfo[39m]: App is running on port 7000 
2021-12-07 02:00:43 [[32minfo[39m]: Connected to MongoDB 
2021-12-07 02:00:50 [[32minfo[39m]: App is running on port 7000 
2021-12-07 02:00:51 [[32minfo[39m]: Connected to MongoDB 
2021-12-07 02:02:00 [[32minfo[39m]: App is running on port 7000 
2021-12-07 02:02:01 [[32minfo[39m]: Connected to MongoDB 
2021-12-07 02:02:47 [[32minfo[39m]: App is running on port 7000 
2021-12-07 02:02:48 [[32minfo[39m]: Connected to MongoDB 
2021-12-07 02:03:31 [[32minfo[39m]: App is running on port 7000 
2021-12-07 02:03:32 [[32minfo[39m]: Connected to MongoDB 
2021-12-07 02:03:42 [[32minfo[39m]: App is running on port 7000 
2021-12-07 02:03:42 [[32minfo[39m]: Connected to MongoDB 
2021-12-07 02:04:03 [[32minfo[39m]: App is running on port 7000 
2021-12-07 02:04:04 [[32minfo[39m]: Connected to MongoDB 
2021-12-07 02:04:50 [[32minfo[39m]: App is running on port 7000 
2021-12-07 02:04:52 [[32minfo[39m]: Connected to MongoDB 
2021-12-07 02:05:11 [[32minfo[39m]: App is running on port 7000 
2021-12-07 02:05:12 [[32minfo[39m]: Connected to MongoDB 
2021-12-07 02:05:26 [[32minfo[39m]: App is running on port 7000 
2021-12-07 02:05:27 [[32minfo[39m]: Connected to MongoDB 
2021-12-07 02:05:43 [[32minfo[39m]: App is running on port 7000 
2021-12-07 02:05:44 [[32minfo[39m]: Connected to MongoDB 
2021-12-07 02:06:47 [[32minfo[39m]: App is running on port 7000 
2021-12-07 02:06:48 [[32minfo[39m]: Connected to MongoDB 
2021-12-07 02:06:53 [[32minfo[39m]: App is running on port 7000 
2021-12-07 02:06:54 [[32minfo[39m]: Connected to MongoDB 
2021-12-07 02:09:55 [[31merror[39m]: unhandledRejection 
2021-12-07 02:10:40 [[32minfo[39m]: App is running on port 7000 
2021-12-07 02:10:41 [[32minfo[39m]: Connected to MongoDB 
2021-12-07 02:11:26 [[31merror[39m]: unhandledRejection 
2021-12-07 02:14:01 [[32minfo[39m]: App is running on port 7000 
2021-12-07 02:14:02 [[32minfo[39m]: Connected to MongoDB 
2021-12-07 02:15:13 [[32minfo[39m]: App is running on port 7000 
2021-12-07 02:15:14 [[32minfo[39m]: Connected to MongoDB 
2021-12-07 02:15:31 [[32minfo[39m]: App is running on port 7000 
2021-12-07 02:15:32 [[32minfo[39m]: Connected to MongoDB 
2021-12-07 02:16:11 [[31merror[39m]: unhandledRejection 
2021-12-07 02:17:12 [[32minfo[39m]: App is running on port 7000 
2021-12-07 02:17:13 [[32minfo[39m]: Connected to MongoDB 
2021-12-07 02:17:16 [[31merror[39m]: unhandledRejection 
2021-12-07 02:19:24 [[32minfo[39m]: App is running on port 7000 
2021-12-07 02:19:25 [[32minfo[39m]: Connected to MongoDB 
2021-12-07 02:20:05 [[32minfo[39m]: App is running on port 7000 
2021-12-07 02:20:06 [[32minfo[39m]: Connected to MongoDB 
2021-12-07 02:21:29 [[32minfo[39m]: App is running on port 7000 
2021-12-07 02:21:30 [[32minfo[39m]: Connected to MongoDB 
2021-12-07 02:21:37 [[32minfo[39m]: App is running on port 7000 
2021-12-07 02:21:38 [[32minfo[39m]: Connected to MongoDB 
2021-12-07 02:22:18 [[31merror[39m]: unhandledRejection 
2021-12-07 02:23:04 [[32minfo[39m]: App is running on port 7000 
2021-12-07 02:23:05 [[32minfo[39m]: Connected to MongoDB 
2021-12-07 02:23:06 [[31merror[39m]: unhandledRejection 
2021-12-07 02:33:29 [[32minfo[39m]: App is running on port 7000 
2021-12-07 02:33:30 [[32minfo[39m]: Connected to MongoDB 
2021-12-07 02:33:35 [[31merror[39m]: unhandledRejection 
2021-12-07 02:34:51 [[32minfo[39m]: App is running on port 7000 
2021-12-07 02:34:52 [[32minfo[39m]: Connected to MongoDB 
2021-12-07 02:41:22 [[32minfo[39m]: App is running on port 7000 
2021-12-07 02:41:27 [[32minfo[39m]: App is running on port 7000 
2021-12-07 02:41:28 [[32minfo[39m]: Connected to MongoDB 
2021-12-07 03:03:20 [[31merror[39m]: unhandledRejection 
2021-12-07 03:12:24 [[32minfo[39m]: App is running on port 7000 
2021-12-07 03:12:25 [[32minfo[39m]: Connected to MongoDB 
2021-12-07 03:14:06 [[32minfo[39m]: App is running on port 7000 
2021-12-07 03:14:08 [[32minfo[39m]: Connected to MongoDB 
2021-12-07 03:18:07 [[32minfo[39m]: App is running on port 7000 
2021-12-07 03:18:12 [[32minfo[39m]: App is running on port 7000 
2021-12-07 03:18:13 [[32minfo[39m]: Connected to MongoDB 
2021-12-07 03:20:17 [[32minfo[39m]: App is running on port 7000 
2021-12-07 03:20:23 [[32minfo[39m]: App is running on port 7000 
2021-12-07 03:20:24 [[32minfo[39m]: Connected to MongoDB 
2021-12-07 03:23:01 [[32minfo[39m]: App is running on port 7000 
2021-12-07 03:23:02 [[32minfo[39m]: Connected to MongoDB 
2021-12-07 03:23:08 [[32minfo[39m]: App is running on port 7000 
2021-12-07 03:23:09 [[32minfo[39m]: Connected to MongoDB 
2021-12-07 03:24:15 [[32minfo[39m]: App is running on port 7000 
2021-12-07 03:24:16 [[32minfo[39m]: Connected to MongoDB 
2021-12-07 03:37:29 [[32minfo[39m]: App is running on port 7000 
2021-12-07 03:37:30 [[32minfo[39m]: Connected to MongoDB 
2021-12-07 03:40:21 [[32minfo[39m]: App is running on port 7000 
2021-12-07 03:40:23 [[32minfo[39m]: Connected to MongoDB 
2021-12-07 03:44:38 [[32minfo[39m]: App is running on port 7000 
2021-12-07 03:44:39 [[32minfo[39m]: Connected to MongoDB 
2021-12-07 03:45:02 [[32minfo[39m]: App is running on port 7000 
2021-12-07 03:45:03 [[32minfo[39m]: Connected to MongoDB 
2021-12-07 04:15:52 [[32minfo[39m]: App is running on port 7000 
2021-12-07 04:15:53 [[32minfo[39m]: Connected to MongoDB 
2021-12-07 04:16:15 [[32minfo[39m]: App is running on port 7000 
2021-12-07 04:16:16 [[32minfo[39m]: Connected to MongoDB 
2021-12-07 04:16:28 [[32minfo[39m]: App is running on port 7000 
2021-12-07 04:16:29 [[32minfo[39m]: Connected to MongoDB 
2021-12-07 04:26:22 [[31merror[39m]: Failed Request to Crypto API Servers 
2021-12-07 04:27:10 [[31merror[39m]: Failed Request to Crypto API Servers 
2021-12-07 04:27:18 [[31merror[39m]: Failed Request to Crypto API Servers 
2021-12-07 04:28:10 [[31merror[39m]: Failed Request to Crypto API Servers 
2021-12-07 04:28:15 [[31merror[39m]: Failed Request to Crypto API Servers 
2021-12-07 04:28:39 [[32minfo[39m]: App is running on port 7000 
2021-12-07 04:58:50 [[32minfo[39m]: App is running on port 7000 
2021-12-07 04:58:51 [[32minfo[39m]: Connected to MongoDB 
2021-12-07 05:17:36 [[32minfo[39m]: App is running on port 7000 
2021-12-07 05:17:38 [[32minfo[39m]: Connected to MongoDB 
2021-12-07 05:18:39 [[32minfo[39m]: App is running on port 7000 
2021-12-07 05:18:40 [[32minfo[39m]: Connected to MongoDB 
2021-12-07 05:19:17 [[32minfo[39m]: App is running on port 7000 
2021-12-07 05:19:17 [[32minfo[39m]: Connected to MongoDB 
2021-12-07 05:20:08 [[32minfo[39m]: App is running on port 7000 
2021-12-07 05:20:09 [[32minfo[39m]: Connected to MongoDB 
2021-12-07 05:20:54 [[32minfo[39m]: App is running on port 7000 
2021-12-07 05:20:55 [[32minfo[39m]: Connected to MongoDB 
2021-12-07 05:29:14 [[32minfo[39m]: App is running on port 7000 
2021-12-07 05:29:15 [[32minfo[39m]: Connected to MongoDB 
2021-12-07 05:33:13 [[32minfo[39m]: App is running on port 7000 
2021-12-07 05:33:14 [[32minfo[39m]: Connected to MongoDB 
2021-12-07 05:33:22 [[32minfo[39m]: App is running on port 7000 
2021-12-07 05:33:23 [[32minfo[39m]: Connected to MongoDB 
2021-12-07 05:33:41 [[32minfo[39m]: App is running on port 7000 
2021-12-07 05:33:42 [[32minfo[39m]: Connected to MongoDB 
2021-12-07 05:34:23 [[32minfo[39m]: App is running on port 7000 
2021-12-07 05:34:24 [[32minfo[39m]: Connected to MongoDB 
