2022-01-17 23:31:38 [[32minfo[39m]: App is running on port 7000 
2022-01-17 23:31:40 [[32minfo[39m]: Connected to MongoDB 
2022-01-17 23:48:35 [[32minfo[39m]: App is running on port 7000 
2022-01-17 23:48:37 [[32minfo[39m]: Connected to MongoDB 
2022-01-18 00:04:29 [[31merror[39m]: Failed Request to Crypto API Servers 
<<<<<<< HEAD
2022-01-18 00:14:20 [[32minfo[39m]: App is running on port 7000 
2022-01-18 00:14:22 [[32minfo[39m]: Connected to MongoDB 
=======
2022-01-18 00:10:29 [[32minfo[39m]: App is running on port 7000 
2022-01-18 00:10:30 [[32minfo[39m]: Connected to MongoDB 
2022-01-18 00:11:02 [[32minfo[39m]: App is running on port 7000 
2022-01-18 00:11:02 [[32minfo[39m]: Connected to MongoDB 
>>>>>>> adc6a5d (chore(logs): added previous logs)
2022-01-18 02:56:29 [[32minfo[39m]: App is running on port 7000 
2022-01-18 02:56:31 [[32minfo[39m]: Connected to MongoDB 
2022-01-18 03:00:34 [[32minfo[39m]: App is running on port 7000 
2022-01-18 03:00:36 [[32minfo[39m]: Connected to MongoDB 
2022-01-18 03:00:56 [[32minfo[39m]: App is running on port 7000 
2022-01-18 03:00:57 [[32minfo[39m]: Connected to MongoDB 
2022-01-18 03:01:25 [[32minfo[39m]: App is running on port 7000 
2022-01-18 03:01:27 [[32minfo[39m]: Connected to MongoDB 
2022-01-18 03:01:41 [[32minfo[39m]: App is running on port 7000 
2022-01-18 03:01:42 [[32minfo[39m]: Connected to MongoDB 
2022-01-18 03:01:56 [[32minfo[39m]: App is running on port 7000 
2022-01-18 03:01:57 [[32minfo[39m]: Connected to MongoDB 
2022-01-18 03:02:45 [[32minfo[39m]: App is running on port 7000 
2022-01-18 03:02:46 [[32minfo[39m]: Connected to MongoDB 
2022-01-18 03:15:26 [[32minfo[39m]: App is running on port 7000 
2022-01-18 03:15:32 [[32minfo[39m]: Connected to MongoDB 
2022-01-18 03:47:57 [[32minfo[39m]: App is running on port 7000 
2022-01-18 03:47:59 [[32minfo[39m]: Connected to MongoDB 
